{"name": "test_login_web[student-Password123]", "status": "broken", "statusDetails": {"message": "selenium.common.exceptions.TimeoutException: Message: \nStacktrace:\n\tGetHandleVerifier [0x0x7ff66781e8e5+80021]\n\tGetHandleVerifier [0x0x7ff66781e940+80112]\n\t(No symbol) [0x0x7ff6675a060f]\n\t(No symbol) [0x0x7ff6675f8854]\n\t(No symbol) [0x0x7ff6675f8b1c]\n\t(No symbol) [0x0x7ff66764c927]\n\t(No symbol) [0x0x7ff66762126f]\n\t(No symbol) [0x0x7ff66764968a]\n\t(No symbol) [0x0x7ff667621003]\n\t(No symbol) [0x0x7ff6675e95d1]\n\t(No symbol) [0x0x7ff6675ea3f3]\n\tGetHandleVerifier [0x0x7ff667addc7d+2960429]\n\tGetHandleVerifier [0x0x7ff667ad7f3a+2936554]\n\tGetHandleVerifier [0x0x7ff667af8977+3070247]\n\tGetHandleVerifier [0x0x7ff6678383ce+185214]\n\tGetHandleVerifier [0x0x7ff66783fe1f+216527]\n\tGetHandleVerifier [0x0x7ff667827b24+117460]\n\tGetHandleVerifier [0x0x7ff667827cdf+117903]\n\tGetHandleVerifier [0x0x7ff66780dbb8+11112]\n\tBaseThreadInitThunk [0x0x7ff85caae8d7+23]\n\tRtlUserThreadStart [0x0x7ff85daec53c+44]", "trace": "hpApp = <apps.hp_web_app.HPAppWeb object at 0x000001B2AFCD8EC0>\nuser = 'student', pwd = 'Password123'\n\n    @pytest.mark.flaky(reruns=2, reruns_delay=5)\n    @pytest.mark.parametrize('user,pwd', [('student','Password123')])\n    def test_login_web(hpApp, user, pwd):\n    \n        \"\"\"\n        <Short Test Title>\n        <1–2 line summary of what this test validates.>\n    \n        Description:\n            <High-level description of the business flow under test.>\n            <Explain why this test exists and what user scenario it simulates.>\n    \n        Test Type:\n            <Functional / Regression / Integration / E2E / Smoke / Sanity>\n    \n        Preconditions:\n            - <List all required pre-state conditions>\n            - <User account, device state, environment, network, etc.>\n            - <If none, write: None>\n    \n        Platforms:\n            - Supported: Web / Mobile / Desktop\n            - Driven by CLI flag: --platform\n    \n        Steps:\n            1. <Step 1 description>\n            2. <Step 2 description>\n            3. <Step 3 description>\n            ...\n            N. <Final step>\n    \n        Expected Result:\n            <The exact outcome that must occur for the test to pass>\n            <May include UI behavior, API response, state updates, etc.>\n    \n        Parameters:\n            driver (BaseDriver):\n                Platform-agnostic driver instance injected by pytest.\n            test_data (dict or tuple):\n                Data-driven inputs supplied by JSON/Excel or @pytest.mark.parametrize.\n    \n        Tags:\n            pytest.mark.<suite>\n            pytest.mark.<business_module>\n            pytest.mark.<platform>\n            pytest.mark.dependency()\n    \n        Notes:\n            - This test uses the Agentra abstraction layer, so page objects\n              automatically adjust based on selected platform.\n            - Avoid platform-specific conditions inside the test; those belong\n              in Page Objects.\n    \n        \"\"\"\n    \n        logger.info(f\"Starting test_login_web with user={user}\")\n>       hpApp.login(user, pwd)\n\ntests\\test_login.py:64: \n_ _ _ _ _ _ _ _ _ _ _ _ _ _ _ _ _ _ _ _ _ _ _ _ _ _ _ _ _ _ _ _ _ _ _ _ _ _ _ _\napps\\hp_web_app.py:15: in login\n    self.login_page.click_login()\npages\\web\\login_page.py:34: in click_login\n    self.click(*LoginPageLocators.LOGIN_BUTTON)\npages\\base_page.py:140: in click\n    return self._safe_action(\npages\\base_page.py:96: in _safe_action\n    return self._fail(\npages\\base_page.py:132: in _fail\n    raise exception_obj  # important: propagate failure to test\npages\\base_page.py:82: in _safe_action\n    return func(*args, **kwargs)   # SUCCESS → exit immediately\npages\\base_page.py:148: in _click\n    self.driver.wait_for_element(locator_type, locator_value)\ncore\\web_driver.py:63: in wait_for_element\n    WebDriverWait(self.driver, timeout).until(\n_ _ _ _ _ _ _ _ _ _ _ _ _ _ _ _ _ _ _ _ _ _ _ _ _ _ _ _ _ _ _ _ _ _ _ _ _ _ _ _\n\nself = <selenium.webdriver.support.wait.WebDriverWait (session=\"ff29f9bbc262fdad7e26d76f09357676\")>\nmethod = <function presence_of_element_located.<locals>._predicate at 0x000001B2AFD01120>\nmessage = ''\n\n    def until(self, method: Callable[[D], Union[Literal[False], T]], message: str = \"\") -> T:\n        \"\"\"Wait until the method returns a value that is not False.\n    \n        Calls the method provided with the driver as an argument until the\n        return value does not evaluate to ``False``.\n    \n        Parameters:\n        -----------\n        method: callable(WebDriver)\n            - A callable object that takes a WebDriver instance as an argument.\n    \n        message: str\n            - Optional message for :exc:`TimeoutException`\n    \n        Return:\n        -------\n        object: T\n            - The result of the last call to `method`\n    \n        Raises:\n        -------\n        TimeoutException\n            - If 'method' does not return a truthy value within the WebDriverWait\n            object's timeout\n    \n        Example:\n        --------\n        >>> from selenium.webdriver.common.by import By\n        >>> from selenium.webdriver.support.ui import WebDriverWait\n        >>> from selenium.webdriver.support import expected_conditions as EC\n    \n        # Wait until an element is visible on the page\n        >>> wait = WebDriverWait(driver, 10)\n        >>> element = wait.until(EC.visibility_of_element_located((By.ID, \"exampleId\")))\n        >>> print(element.text)\n        \"\"\"\n        screen = None\n        stacktrace = None\n    \n        end_time = time.monotonic() + self._timeout\n        while True:\n            try:\n                value = method(self._driver)\n                if value:\n                    return value\n            except self._ignored_exceptions as exc:\n                screen = getattr(exc, \"screen\", None)\n                stacktrace = getattr(exc, \"stacktrace\", None)\n            if time.monotonic() > end_time:\n                break\n            time.sleep(self._poll)\n>       raise TimeoutException(message, screen, stacktrace)\nE       selenium.common.exceptions.TimeoutException: Message: \nE       Stacktrace:\nE       \tGetHandleVerifier [0x0x7ff66781e8e5+80021]\nE       \tGetHandleVerifier [0x0x7ff66781e940+80112]\nE       \t(No symbol) [0x0x7ff6675a060f]\nE       \t(No symbol) [0x0x7ff6675f8854]\nE       \t(No symbol) [0x0x7ff6675f8b1c]\nE       \t(No symbol) [0x0x7ff66764c927]\nE       \t(No symbol) [0x0x7ff66762126f]\nE       \t(No symbol) [0x0x7ff66764968a]\nE       \t(No symbol) [0x0x7ff667621003]\nE       \t(No symbol) [0x0x7ff6675e95d1]\nE       \t(No symbol) [0x0x7ff6675ea3f3]\nE       \tGetHandleVerifier [0x0x7ff667addc7d+2960429]\nE       \tGetHandleVerifier [0x0x7ff667ad7f3a+2936554]\nE       \tGetHandleVerifier [0x0x7ff667af8977+3070247]\nE       \tGetHandleVerifier [0x0x7ff6678383ce+185214]\nE       \tGetHandleVerifier [0x0x7ff66783fe1f+216527]\nE       \tGetHandleVerifier [0x0x7ff667827b24+117460]\nE       \tGetHandleVerifier [0x0x7ff667827cdf+117903]\nE       \tGetHandleVerifier [0x0x7ff66780dbb8+11112]\nE       \tBaseThreadInitThunk [0x0x7ff85caae8d7+23]\nE       \tRtlUserThreadStart [0x0x7ff85daec53c+44]\n\n.venv\\Lib\\site-packages\\selenium\\webdriver\\support\\wait.py:138: TimeoutException"}, "description": "\n<Short Test Title>\n<1–2 line summary of what this test validates.>\n\nDescription:\n    <High-level description of the business flow under test.>\n    <Explain why this test exists and what user scenario it simulates.>\n\nTest Type:\n    <Functional / Regression / Integration / E2E / Smoke / Sanity>\n\nPreconditions:\n    - <List all required pre-state conditions>\n    - <User account, device state, environment, network, etc.>\n    - <If none, write: None>\n\nPlatforms:\n    - Supported: Web / Mobile / Desktop\n    - Driven by CLI flag: --platform\n\nSteps:\n    1. <Step 1 description>\n    2. <Step 2 description>\n    3. <Step 3 description>\n    ...\n    N. <Final step>\n\nExpected Result:\n    <The exact outcome that must occur for the test to pass>\n    <May include UI behavior, API response, state updates, etc.>\n\nParameters:\n    driver (BaseDriver):\n        Platform-agnostic driver instance injected by pytest.\n    test_data (dict or tuple):\n        Data-driven inputs supplied by JSON/Excel or @pytest.mark.parametrize.\n\nTags:\n    pytest.mark.<suite>\n    pytest.mark.<business_module>\n    pytest.mark.<platform>\n    pytest.mark.dependency()\n\nNotes:\n    - This test uses the Agentra abstraction layer, so page objects\n      automatically adjust based on selected platform.\n    - Avoid platform-specific conditions inside the test; those belong\n      in Page Objects.\n\n", "steps": [{"name": "Launch HP Portal", "status": "passed", "start": 1763452528795, "stop": 1763452534697}, {"name": "Enter username", "status": "passed", "steps": [{"name": "Entering 'student' into (id, username) (Attempt 1)", "status": "passed", "attachments": [{"name": "Log", "source": "09e6a3e1-0e7e-444c-8610-b1f2f50fe947-attachment.txt", "type": "text/plain"}], "start": 1763452534697, "stop": 1763452534996}], "start": 1763452534697, "stop": 1763452534996}, {"name": "Enter password", "status": "passed", "steps": [{"name": "Entering 'Password123' into (id, password) (Attempt 1)", "status": "passed", "attachments": [{"name": "Log", "source": "782b5cf4-4c4b-413f-9c43-f6b47b480905-attachment.txt", "type": "text/plain"}], "start": 1763452534997, "stop": 1763452535159}], "start": 1763452534997, "stop": 1763452535159}, {"name": "Click Login button", "status": "broken", "statusDetails": {"message": "selenium.common.exceptions.TimeoutException: Message: \nStacktrace:\n\tGetHandleVerifier [0x0x7ff66781e8e5+80021]\n\tGetHandleVerifier [0x0x7ff66781e940+80112]\n\t(No symbol) [0x0x7ff6675a060f]\n\t(No symbol) [0x0x7ff6675f8854]\n\t(No symbol) [0x0x7ff6675f8b1c]\n\t(No symbol) [0x0x7ff66764c927]\n\t(No symbol) [0x0x7ff66762126f]\n\t(No symbol) [0x0x7ff66764968a]\n\t(No symbol) [0x0x7ff667621003]\n\t(No symbol) [0x0x7ff6675e95d1]\n\t(No symbol) [0x0x7ff6675ea3f3]\n\tGetHandleVerifier [0x0x7ff667addc7d+2960429]\n\tGetHandleVerifier [0x0x7ff667ad7f3a+2936554]\n\tGetHandleVerifier [0x0x7ff667af8977+3070247]\n\tGetHandleVerifier [0x0x7ff6678383ce+185214]\n\tGetHandleVerifier [0x0x7ff66783fe1f+216527]\n\tGetHandleVerifier [0x0x7ff667827b24+117460]\n\tGetHandleVerifier [0x0x7ff667827cdf+117903]\n\tGetHandleVerifier [0x0x7ff66780dbb8+11112]\n\tBaseThreadInitThunk [0x0x7ff85caae8d7+23]\n\tRtlUserThreadStart [0x0x7ff85daec53c+44]\n\n", "trace": "  File \"C:\\Users\\praveen.kittali\\Working\\Agentra_3.0\\pages\\web\\login_page.py\", line 34, in click_login\n    self.click(*LoginPageLocators.LOGIN_BUTTON)\n    ~~~~~~~~~~^^^^^^^^^^^^^^^^^^^^^^^^^^^^^^^^^\n  File \"C:\\Users\\praveen.kittali\\Working\\Agentra_3.0\\pages\\base_page.py\", line 140, in click\n    return self._safe_action(\n           ~~~~~~~~~~~~~~~~~^\n        action_name,\n        ^^^^^^^^^^^^\n    ...<2 lines>...\n        locator_value\n        ^^^^^^^^^^^^^\n    )\n    ^\n  File \"C:\\Users\\praveen.kittali\\Working\\Agentra_3.0\\pages\\base_page.py\", line 96, in _safe_action\n    return self._fail(\n           ~~~~~~~~~~^\n        action_name,\n        ^^^^^^^^^^^^\n        f\"Failed after {self.RETRIES} retries ({type(e).__name__})\",\n        ^^^^^^^^^^^^^^^^^^^^^^^^^^^^^^^^^^^^^^^^^^^^^^^^^^^^^^^^^^^^\n        e\n        ^\n    )\n    ^\n  File \"C:\\Users\\praveen.kittali\\Working\\Agentra_3.0\\pages\\base_page.py\", line 132, in _fail\n    raise exception_obj  # important: propagate failure to test\n    ^^^^^^^^^^^^^^^^^^^\n  File \"C:\\Users\\praveen.kittali\\Working\\Agentra_3.0\\pages\\base_page.py\", line 82, in _safe_action\n    return func(*args, **kwargs)   # SUCCESS → exit immediately\n  File \"C:\\Users\\praveen.kittali\\Working\\Agentra_3.0\\pages\\base_page.py\", line 148, in _click\n    self.driver.wait_for_element(locator_type, locator_value)\n    ~~~~~~~~~~~~~~~~~~~~~~~~~~~~^^^^^^^^^^^^^^^^^^^^^^^^^^^^^\n  File \"C:\\Users\\praveen.kittali\\Working\\Agentra_3.0\\core\\web_driver.py\", line 63, in wait_for_element\n    WebDriverWait(self.driver, timeout).until(\n    ~~~~~~~~~~~~~~~~~~~~~~~~~~~~~~~~~~~~~~~~~^\n        EC.presence_of_element_located((getattr(By, locator_type.upper()), locator_value))\n        ^^^^^^^^^^^^^^^^^^^^^^^^^^^^^^^^^^^^^^^^^^^^^^^^^^^^^^^^^^^^^^^^^^^^^^^^^^^^^^^^^^\n    )\n    ^\n  File \"C:\\Users\\praveen.kittali\\Working\\Agentra_3.0\\.venv\\Lib\\site-packages\\selenium\\webdriver\\support\\wait.py\", line 138, in until\n    raise TimeoutException(message, screen, stacktrace)\n"}, "steps": [{"name": "Clicking element (xpath, //button[@id='submit2']) (Attempt 1)", "status": "broken", "statusDetails": {"message": "selenium.common.exceptions.TimeoutException: Message: \nStacktrace:\n\tGetHandleVerifier [0x0x7ff66781e8e5+80021]\n\tGetHandleVerifier [0x0x7ff66781e940+80112]\n\t(No symbol) [0x0x7ff6675a060f]\n\t(No symbol) [0x0x7ff6675f8854]\n\t(No symbol) [0x0x7ff6675f8b1c]\n\t(No symbol) [0x0x7ff66764c927]\n\t(No symbol) [0x0x7ff66762126f]\n\t(No symbol) [0x0x7ff66764968a]\n\t(No symbol) [0x0x7ff667621003]\n\t(No symbol) [0x0x7ff6675e95d1]\n\t(No symbol) [0x0x7ff6675ea3f3]\n\tGetHandleVerifier [0x0x7ff667addc7d+2960429]\n\tGetHandleVerifier [0x0x7ff667ad7f3a+2936554]\n\tGetHandleVerifier [0x0x7ff667af8977+3070247]\n\tGetHandleVerifier [0x0x7ff6678383ce+185214]\n\tGetHandleVerifier [0x0x7ff66783fe1f+216527]\n\tGetHandleVerifier [0x0x7ff667827b24+117460]\n\tGetHandleVerifier [0x0x7ff667827cdf+117903]\n\tGetHandleVerifier [0x0x7ff66780dbb8+11112]\n\tBaseThreadInitThunk [0x0x7ff85caae8d7+23]\n\tRtlUserThreadStart [0x0x7ff85daec53c+44]\n\n", "trace": "  File \"C:\\Users\\praveen.kittali\\Working\\Agentra_3.0\\pages\\base_page.py\", line 82, in _safe_action\n    return func(*args, **kwargs)   # SUCCESS → exit immediately\n  File \"C:\\Users\\praveen.kittali\\Working\\Agentra_3.0\\pages\\base_page.py\", line 148, in _click\n    self.driver.wait_for_element(locator_type, locator_value)\n    ~~~~~~~~~~~~~~~~~~~~~~~~~~~~^^^^^^^^^^^^^^^^^^^^^^^^^^^^^\n  File \"C:\\Users\\praveen.kittali\\Working\\Agentra_3.0\\core\\web_driver.py\", line 63, in wait_for_element\n    WebDriverWait(self.driver, timeout).until(\n    ~~~~~~~~~~~~~~~~~~~~~~~~~~~~~~~~~~~~~~~~~^\n        EC.presence_of_element_located((getattr(By, locator_type.upper()), locator_value))\n        ^^^^^^^^^^^^^^^^^^^^^^^^^^^^^^^^^^^^^^^^^^^^^^^^^^^^^^^^^^^^^^^^^^^^^^^^^^^^^^^^^^\n    )\n    ^\n  File \"C:\\Users\\praveen.kittali\\Working\\Agentra_3.0\\.venv\\Lib\\site-packages\\selenium\\webdriver\\support\\wait.py\", line 138, in until\n    raise TimeoutException(message, screen, stacktrace)\n"}, "attachments": [{"name": "Log", "source": "6bb305dd-b99b-4950-97bc-ae7edfc2ade5-attachment.txt", "type": "text/plain"}], "start": 1763452535160, "stop": 1763452545623}, {"name": "Clicking element (xpath, //button[@id='submit2']) (Attempt 2)", "status": "broken", "statusDetails": {"message": "selenium.common.exceptions.TimeoutException: Message: \nStacktrace:\n\tGetHandleVerifier [0x0x7ff66781e8e5+80021]\n\tGetHandleVerifier [0x0x7ff66781e940+80112]\n\t(No symbol) [0x0x7ff6675a060f]\n\t(No symbol) [0x0x7ff6675f8854]\n\t(No symbol) [0x0x7ff6675f8b1c]\n\t(No symbol) [0x0x7ff66764c927]\n\t(No symbol) [0x0x7ff66762126f]\n\t(No symbol) [0x0x7ff66764968a]\n\t(No symbol) [0x0x7ff667621003]\n\t(No symbol) [0x0x7ff6675e95d1]\n\t(No symbol) [0x0x7ff6675ea3f3]\n\tGetHandleVerifier [0x0x7ff667addc7d+2960429]\n\tGetHandleVerifier [0x0x7ff667ad7f3a+2936554]\n\tGetHandleVerifier [0x0x7ff667af8977+3070247]\n\tGetHandleVerifier [0x0x7ff6678383ce+185214]\n\tGetHandleVerifier [0x0x7ff66783fe1f+216527]\n\tGetHandleVerifier [0x0x7ff667827b24+117460]\n\tGetHandleVerifier [0x0x7ff667827cdf+117903]\n\tGetHandleVerifier [0x0x7ff66780dbb8+11112]\n\tBaseThreadInitThunk [0x0x7ff85caae8d7+23]\n\tRtlUserThreadStart [0x0x7ff85daec53c+44]\n\n", "trace": "  File \"C:\\Users\\praveen.kittali\\Working\\Agentra_3.0\\pages\\base_page.py\", line 82, in _safe_action\n    return func(*args, **kwargs)   # SUCCESS → exit immediately\n  File \"C:\\Users\\praveen.kittali\\Working\\Agentra_3.0\\pages\\base_page.py\", line 148, in _click\n    self.driver.wait_for_element(locator_type, locator_value)\n    ~~~~~~~~~~~~~~~~~~~~~~~~~~~~^^^^^^^^^^^^^^^^^^^^^^^^^^^^^\n  File \"C:\\Users\\praveen.kittali\\Working\\Agentra_3.0\\core\\web_driver.py\", line 63, in wait_for_element\n    WebDriverWait(self.driver, timeout).until(\n    ~~~~~~~~~~~~~~~~~~~~~~~~~~~~~~~~~~~~~~~~~^\n        EC.presence_of_element_located((getattr(By, locator_type.upper()), locator_value))\n        ^^^^^^^^^^^^^^^^^^^^^^^^^^^^^^^^^^^^^^^^^^^^^^^^^^^^^^^^^^^^^^^^^^^^^^^^^^^^^^^^^^\n    )\n    ^\n  File \"C:\\Users\\praveen.kittali\\Working\\Agentra_3.0\\.venv\\Lib\\site-packages\\selenium\\webdriver\\support\\wait.py\", line 138, in until\n    raise TimeoutException(message, screen, stacktrace)\n"}, "attachments": [{"name": "Log", "source": "6e6df220-a900-42fb-9ef7-22d52cb9e163-attachment.txt", "type": "text/plain"}], "start": 1763452546006, "stop": 1763452556026}, {"name": "Clicking element (xpath, //button[@id='submit2']) (Attempt 3)", "status": "broken", "statusDetails": {"message": "selenium.common.exceptions.TimeoutException: Message: \nStacktrace:\n\tGetHandleVerifier [0x0x7ff66781e8e5+80021]\n\tGetHandleVerifier [0x0x7ff66781e940+80112]\n\t(No symbol) [0x0x7ff6675a060f]\n\t(No symbol) [0x0x7ff6675f8854]\n\t(No symbol) [0x0x7ff6675f8b1c]\n\t(No symbol) [0x0x7ff66764c927]\n\t(No symbol) [0x0x7ff66762126f]\n\t(No symbol) [0x0x7ff66764968a]\n\t(No symbol) [0x0x7ff667621003]\n\t(No symbol) [0x0x7ff6675e95d1]\n\t(No symbol) [0x0x7ff6675ea3f3]\n\tGetHandleVerifier [0x0x7ff667addc7d+2960429]\n\tGetHandleVerifier [0x0x7ff667ad7f3a+2936554]\n\tGetHandleVerifier [0x0x7ff667af8977+3070247]\n\tGetHandleVerifier [0x0x7ff6678383ce+185214]\n\tGetHandleVerifier [0x0x7ff66783fe1f+216527]\n\tGetHandleVerifier [0x0x7ff667827b24+117460]\n\tGetHandleVerifier [0x0x7ff667827cdf+117903]\n\tGetHandleVerifier [0x0x7ff66780dbb8+11112]\n\tBaseThreadInitThunk [0x0x7ff85caae8d7+23]\n\tRtlUserThreadStart [0x0x7ff85daec53c+44]\n\n", "trace": "  File \"C:\\Users\\praveen.kittali\\Working\\Agentra_3.0\\pages\\base_page.py\", line 82, in _safe_action\n    return func(*args, **kwargs)   # SUCCESS → exit immediately\n  File \"C:\\Users\\praveen.kittali\\Working\\Agentra_3.0\\pages\\base_page.py\", line 148, in _click\n    self.driver.wait_for_element(locator_type, locator_value)\n    ~~~~~~~~~~~~~~~~~~~~~~~~~~~~^^^^^^^^^^^^^^^^^^^^^^^^^^^^^\n  File \"C:\\Users\\praveen.kittali\\Working\\Agentra_3.0\\core\\web_driver.py\", line 63, in wait_for_element\n    WebDriverWait(self.driver, timeout).until(\n    ~~~~~~~~~~~~~~~~~~~~~~~~~~~~~~~~~~~~~~~~~^\n        EC.presence_of_element_located((getattr(By, locator_type.upper()), locator_value))\n        ^^^^^^^^^^^^^^^^^^^^^^^^^^^^^^^^^^^^^^^^^^^^^^^^^^^^^^^^^^^^^^^^^^^^^^^^^^^^^^^^^^\n    )\n    ^\n  File \"C:\\Users\\praveen.kittali\\Working\\Agentra_3.0\\.venv\\Lib\\site-packages\\selenium\\webdriver\\support\\wait.py\", line 138, in until\n    raise TimeoutException(message, screen, stacktrace)\n"}, "attachments": [{"name": "Log", "source": "235a39e9-09bf-4902-9a21-a3a7d54bd80a-attachment.txt", "type": "text/plain"}], "start": 1763452556332, "stop": 1763452566440}, {"name": "Clicking element (xpath, //button[@id='submit2']) (Attempt 4)", "status": "broken", "statusDetails": {"message": "selenium.common.exceptions.TimeoutException: Message: \nStacktrace:\n\tGetHandleVerifier [0x0x7ff66781e8e5+80021]\n\tGetHandleVerifier [0x0x7ff66781e940+80112]\n\t(No symbol) [0x0x7ff6675a060f]\n\t(No symbol) [0x0x7ff6675f8854]\n\t(No symbol) [0x0x7ff6675f8b1c]\n\t(No symbol) [0x0x7ff66764c927]\n\t(No symbol) [0x0x7ff66762126f]\n\t(No symbol) [0x0x7ff66764968a]\n\t(No symbol) [0x0x7ff667621003]\n\t(No symbol) [0x0x7ff6675e95d1]\n\t(No symbol) [0x0x7ff6675ea3f3]\n\tGetHandleVerifier [0x0x7ff667addc7d+2960429]\n\tGetHandleVerifier [0x0x7ff667ad7f3a+2936554]\n\tGetHandleVerifier [0x0x7ff667af8977+3070247]\n\tGetHandleVerifier [0x0x7ff6678383ce+185214]\n\tGetHandleVerifier [0x0x7ff66783fe1f+216527]\n\tGetHandleVerifier [0x0x7ff667827b24+117460]\n\tGetHandleVerifier [0x0x7ff667827cdf+117903]\n\tGetHandleVerifier [0x0x7ff66780dbb8+11112]\n\tBaseThreadInitThunk [0x0x7ff85caae8d7+23]\n\tRtlUserThreadStart [0x0x7ff85daec53c+44]\n\n", "trace": "  File \"C:\\Users\\praveen.kittali\\Working\\Agentra_3.0\\pages\\base_page.py\", line 82, in _safe_action\n    return func(*args, **kwargs)   # SUCCESS → exit immediately\n  File \"C:\\Users\\praveen.kittali\\Working\\Agentra_3.0\\pages\\base_page.py\", line 148, in _click\n    self.driver.wait_for_element(locator_type, locator_value)\n    ~~~~~~~~~~~~~~~~~~~~~~~~~~~~^^^^^^^^^^^^^^^^^^^^^^^^^^^^^\n  File \"C:\\Users\\praveen.kittali\\Working\\Agentra_3.0\\core\\web_driver.py\", line 63, in wait_for_element\n    WebDriverWait(self.driver, timeout).until(\n    ~~~~~~~~~~~~~~~~~~~~~~~~~~~~~~~~~~~~~~~~~^\n        EC.presence_of_element_located((getattr(By, locator_type.upper()), locator_value))\n        ^^^^^^^^^^^^^^^^^^^^^^^^^^^^^^^^^^^^^^^^^^^^^^^^^^^^^^^^^^^^^^^^^^^^^^^^^^^^^^^^^^\n    )\n    ^\n  File \"C:\\Users\\praveen.kittali\\Working\\Agentra_3.0\\.venv\\Lib\\site-packages\\selenium\\webdriver\\support\\wait.py\", line 138, in until\n    raise TimeoutException(message, screen, stacktrace)\n"}, "attachments": [{"name": "Log", "source": "76322995-e43e-472b-9bd0-d4237de4eeb2-attachment.txt", "type": "text/plain"}], "start": 1763452566746, "stop": 1763452577208}], "attachments": [{"name": "Failure Screenshot", "source": "a13c2d9d-6cdf-4097-af03-a00be3ce50b5-attachment.png", "type": "image/png"}, {"name": "Error Trace", "source": "52087738-1328-4dd9-aa6e-6bfd4acf382b-attachment.txt", "type": "text/plain"}], "start": 1763452535160, "stop": 1763452577564}], "attachments": [{"name": "stderr", "source": "389a5484-2182-4ec5-8e7f-6eb869a3f984-attachment.txt", "type": "text/plain"}], "parameters": [{"name": "user", "value": "'student'"}, {"name": "pwd", "value": "'Password123'"}], "start": 1763452528794, "stop": 1763452577572, "uuid": "32e8181a-d277-4317-8c1c-472e1e09c324", "historyId": "d778bf85356355bbaba798f70decf4ed", "testCaseId": "75a9dc8cbf2aec1e8a2055b155b68321", "fullName": "tests.test_login#test_login_web", "labels": [{"name": "parentSuite", "value": "tests"}, {"name": "suite", "value": "test_login"}, {"name": "host", "value": "DESKTOP-OPGIKPG"}, {"name": "thread", "value": "40384-MainThread"}, {"name": "framework", "value": "pytest"}, {"name": "language", "value": "cpython3"}, {"name": "package", "value": "tests.test_login"}], "titlePath": ["tests", "test_login.py"]}