Traceback (most recent call last):
  File "C:\Users\JaNi770\OneDrive - HP Inc\Documents\GitHub\Agentra_3.0\pages\base_page.py", line 83, in _safe_action
    return func(*args, **kwargs)   # SUCCESS â†’ exit immediately
  File "C:\Users\JaNi770\OneDrive - HP Inc\Documents\GitHub\Agentra_3.0\pages\base_page.py", line 164, in _enter_text
    self.driver.wait_for_element(locator_type, locator_value)
    ~~~~~~~~~~~~~~~~~~~~~~~~~~~~^^^^^^^^^^^^^^^^^^^^^^^^^^^^^
  File "C:\Users\JaNi770\OneDrive - HP Inc\Documents\GitHub\Agentra_3.0\core\web_driver.py", line 63, in wait_for_element
    WebDriverWait(self.driver, timeout).until(
    ~~~~~~~~~~~~~~~~~~~~~~~~~~~~~~~~~~~~~~~~~^
        EC.presence_of_element_located((getattr(By, locator_type.upper()), locator_value))
        ^^^^^^^^^^^^^^^^^^^^^^^^^^^^^^^^^^^^^^^^^^^^^^^^^^^^^^^^^^^^^^^^^^^^^^^^^^^^^^^^^^
    )
    ^
  File "C:\Users\JaNi770\OneDrive - HP Inc\Documents\GitHub\Agentra_3.0\venv\Lib\site-packages\selenium\webdriver\support\wait.py", line 138, in until
    raise TimeoutException(message, screen, stacktrace)
selenium.common.exceptions.TimeoutException: Message: 
Stacktrace:
Symbols not available. Dumping unresolved backtrace:
	0x7ff7d67ea235
	0x7ff7d6542630
	0x7ff7d62d16dd
	0x7ff7d632a27e
	0x7ff7d632a58c
	0x7ff7d637ed77
	0x7ff7d637baba
	0x7ff7d631b0ed
	0x7ff7d631bf63
	0x7ff7d6815d60
	0x7ff7d680fe8a
	0x7ff7d6831005
	0x7ff7d655d71e
	0x7ff7d6564e1f
	0x7ff7d654b7c4
	0x7ff7d654b97f
	0x7ff7d65318e8
	0x7ffea8ede8d7
	0x7ffea926c53c

