2025-11-18 13:25:22 | INFO | core.web_driver | Launching Chrome browser...
2025-11-18 13:25:28 | INFO | tests.test_login | Starting test_login_web with user=student
2025-11-18 13:25:28 | INFO | LoginPage | Navigating to HP Portal Login URL
2025-11-18 13:25:34 | INFO | LoginPage | Entering username into input field
2025-11-18 13:25:34 | INFO | LoginPage | Entering 'student' into (id, username) - Attempt 1
2025-11-18 13:25:34 | INFO | LoginPage | Entering password into input field
2025-11-18 13:25:34 | INFO | LoginPage | Entering 'Password123' into (id, password) - Attempt 1
2025-11-18 13:25:35 | INFO | LoginPage | Clicking Login button
2025-11-18 13:25:35 | INFO | LoginPage | Clicking element (xpath, //button[@id='submit2']) - Attempt 1
2025-11-18 13:25:45 | WARNING | LoginPage | Clicking element (xpath, //button[@id='submit2']) failed with TimeoutException. Retrying 1/3...
2025-11-18 13:25:46 | INFO | LoginPage | Clicking element (xpath, //button[@id='submit2']) - Attempt 2
2025-11-18 13:25:56 | WARNING | LoginPage | Clicking element (xpath, //button[@id='submit2']) failed with TimeoutException. Retrying 2/3...
2025-11-18 13:25:56 | INFO | LoginPage | Clicking element (xpath, //button[@id='submit2']) - Attempt 3
2025-11-18 13:26:06 | WARNING | LoginPage | Clicking element (xpath, //button[@id='submit2']) failed with TimeoutException. Retrying 3/3...
2025-11-18 13:26:06 | INFO | LoginPage | Clicking element (xpath, //button[@id='submit2']) - Attempt 4
--- Logging error ---
Traceback (most recent call last):
  File "C:\Users\praveen.kittali\Working\Agentra_3.0\pages\base_page.py", line 82, in _safe_action
    return func(*args, **kwargs)   # SUCCESS → exit immediately
  File "C:\Users\praveen.kittali\Working\Agentra_3.0\pages\base_page.py", line 148, in _click
    self.driver.wait_for_element(locator_type, locator_value)
    ~~~~~~~~~~~~~~~~~~~~~~~~~~~~^^^^^^^^^^^^^^^^^^^^^^^^^^^^^
  File "C:\Users\praveen.kittali\Working\Agentra_3.0\core\web_driver.py", line 63, in wait_for_element
    WebDriverWait(self.driver, timeout).until(
    ~~~~~~~~~~~~~~~~~~~~~~~~~~~~~~~~~~~~~~~~~^
        EC.presence_of_element_located((getattr(By, locator_type.upper()), locator_value))
        ^^^^^^^^^^^^^^^^^^^^^^^^^^^^^^^^^^^^^^^^^^^^^^^^^^^^^^^^^^^^^^^^^^^^^^^^^^^^^^^^^^
    )
    ^
  File "C:\Users\praveen.kittali\Working\Agentra_3.0\.venv\Lib\site-packages\selenium\webdriver\support\wait.py", line 138, in until
    raise TimeoutException(message, screen, stacktrace)
selenium.common.exceptions.TimeoutException: Message: 
Stacktrace:
	GetHandleVerifier [0x0x7ff66781e8e5+80021]
	GetHandleVerifier [0x0x7ff66781e940+80112]
	(No symbol) [0x0x7ff6675a060f]
	(No symbol) [0x0x7ff6675f8854]
	(No symbol) [0x0x7ff6675f8b1c]
	(No symbol) [0x0x7ff66764c927]
	(No symbol) [0x0x7ff66762126f]
	(No symbol) [0x0x7ff66764968a]
	(No symbol) [0x0x7ff667621003]
	(No symbol) [0x0x7ff6675e95d1]
	(No symbol) [0x0x7ff6675ea3f3]
	GetHandleVerifier [0x0x7ff667addc7d+2960429]
	GetHandleVerifier [0x0x7ff667ad7f3a+2936554]
	GetHandleVerifier [0x0x7ff667af8977+3070247]
	GetHandleVerifier [0x0x7ff6678383ce+185214]
	GetHandleVerifier [0x0x7ff66783fe1f+216527]
	GetHandleVerifier [0x0x7ff667827b24+117460]
	GetHandleVerifier [0x0x7ff667827cdf+117903]
	GetHandleVerifier [0x0x7ff66780dbb8+11112]
	BaseThreadInitThunk [0x0x7ff85caae8d7+23]
	RtlUserThreadStart [0x0x7ff85daec53c+44]


During handling of the above exception, another exception occurred:

Traceback (most recent call last):
  File "C:\Users\praveen.kittali\AppData\Local\anaconda3\Lib\logging\__init__.py", line 1154, in emit
    stream.write(msg + self.terminator)
    ~~~~~~~~~~~~^^^^^^^^^^^^^^^^^^^^^^^
  File "C:\Users\praveen.kittali\AppData\Local\anaconda3\Lib\encodings\cp1252.py", line 19, in encode
    return codecs.charmap_encode(input,self.errors,encoding_table)[0]
           ~~~~~~~~~~~~~~~~~~~~~^^^^^^^^^^^^^^^^^^^^^^^^^^^^^^^^^^
UnicodeEncodeError: 'charmap' codec can't encode character '\u274c' in position 42: character maps to <undefined>
Call stack:
  File "<string>", line 1, in <module>
    import sys;exec(eval(sys.stdin.readline()))
  File "<string>", line 8, in <module>
  File "C:\Users\praveen.kittali\Working\Agentra_3.0\.venv\Lib\site-packages\execnet\gateway_base.py", line 1806, in serve
    WorkerGateway(io=io, id=id, _startcount=2).serve()
  File "C:\Users\praveen.kittali\Working\Agentra_3.0\.venv\Lib\site-packages\execnet\gateway_base.py", line 1273, in serve
    self._execpool.integrate_as_primary_thread()
  File "C:\Users\praveen.kittali\Working\Agentra_3.0\.venv\Lib\site-packages\execnet\gateway_base.py", line 389, in integrate_as_primary_thread
    self._perform_spawn(reply)
  File "C:\Users\praveen.kittali\Working\Agentra_3.0\.venv\Lib\site-packages\execnet\gateway_base.py", line 411, in _perform_spawn
    reply.run()
  File "C:\Users\praveen.kittali\Working\Agentra_3.0\.venv\Lib\site-packages\execnet\gateway_base.py", line 341, in run
    self._result = func(*args, **kwargs)
  File "C:\Users\praveen.kittali\Working\Agentra_3.0\.venv\Lib\site-packages\execnet\gateway_base.py", line 1291, in executetask
    exec(co, loc)
  File "C:\Users\praveen.kittali\Working\Agentra_3.0\.venv\Lib\site-packages\xdist\remote.py", line 355, in <module>
    config.hook.pytest_cmdline_main(config=config)
  File "C:\Users\praveen.kittali\Working\Agentra_3.0\.venv\Lib\site-packages\pluggy\_hooks.py", line 512, in __call__
    return self._hookexec(self.name, self._hookimpls.copy(), kwargs, firstresult)
  File "C:\Users\praveen.kittali\Working\Agentra_3.0\.venv\Lib\site-packages\pluggy\_manager.py", line 120, in _hookexec
    return self._inner_hookexec(hook_name, methods, kwargs, firstresult)
  File "C:\Users\praveen.kittali\Working\Agentra_3.0\.venv\Lib\site-packages\pluggy\_callers.py", line 121, in _multicall
    res = hook_impl.function(*args)
  File "C:\Users\praveen.kittali\Working\Agentra_3.0\.venv\Lib\site-packages\_pytest\main.py", line 317, in pytest_cmdline_main
    return wrap_session(config, _main)
  File "C:\Users\praveen.kittali\Working\Agentra_3.0\.venv\Lib\site-packages\_pytest\main.py", line 270, in wrap_session
    session.exitstatus = doit(config, session) or 0
  File "C:\Users\praveen.kittali\Working\Agentra_3.0\.venv\Lib\site-packages\_pytest\main.py", line 324, in _main
    config.hook.pytest_runtestloop(session=session)
  File "C:\Users\praveen.kittali\Working\Agentra_3.0\.venv\Lib\site-packages\pluggy\_hooks.py", line 512, in __call__
    return self._hookexec(self.name, self._hookimpls.copy(), kwargs, firstresult)
  File "C:\Users\praveen.kittali\Working\Agentra_3.0\.venv\Lib\site-packages\pluggy\_manager.py", line 120, in _hookexec
    return self._inner_hookexec(hook_name, methods, kwargs, firstresult)
  File "C:\Users\praveen.kittali\Working\Agentra_3.0\.venv\Lib\site-packages\pluggy\_callers.py", line 121, in _multicall
    res = hook_impl.function(*args)
  File "C:\Users\praveen.kittali\Working\Agentra_3.0\.venv\Lib\site-packages\xdist\remote.py", line 157, in pytest_runtestloop
    self.run_one_test()
  File "C:\Users\praveen.kittali\Working\Agentra_3.0\.venv\Lib\site-packages\xdist\remote.py", line 174, in run_one_test
    self.config.hook.pytest_runtest_protocol(item=item, nextitem=nextitem)
  File "C:\Users\praveen.kittali\Working\Agentra_3.0\.venv\Lib\site-packages\pluggy\_hooks.py", line 512, in __call__
    return self._hookexec(self.name, self._hookimpls.copy(), kwargs, firstresult)
  File "C:\Users\praveen.kittali\Working\Agentra_3.0\.venv\Lib\site-packages\pluggy\_manager.py", line 120, in _hookexec
    return self._inner_hookexec(hook_name, methods, kwargs, firstresult)
  File "C:\Users\praveen.kittali\Working\Agentra_3.0\.venv\Lib\site-packages\pluggy\_callers.py", line 121, in _multicall
    res = hook_impl.function(*args)
  File "C:\Users\praveen.kittali\Working\Agentra_3.0\.venv\Lib\site-packages\_pytest\runner.py", line 114, in pytest_runtest_protocol
    runtestprotocol(item, nextitem=nextitem)
  File "C:\Users\praveen.kittali\Working\Agentra_3.0\.venv\Lib\site-packages\_pytest\runner.py", line 133, in runtestprotocol
    reports.append(call_and_report(item, "call", log))
  File "C:\Users\praveen.kittali\Working\Agentra_3.0\.venv\Lib\site-packages\_pytest\runner.py", line 222, in call_and_report
    call = call_runtest_hook(item, when, **kwds)
  File "C:\Users\praveen.kittali\Working\Agentra_3.0\.venv\Lib\site-packages\_pytest\runner.py", line 261, in call_runtest_hook
    return CallInfo.from_call(
  File "C:\Users\praveen.kittali\Working\Agentra_3.0\.venv\Lib\site-packages\_pytest\runner.py", line 341, in from_call
    result: Optional[TResult] = func()
  File "C:\Users\praveen.kittali\Working\Agentra_3.0\.venv\Lib\site-packages\_pytest\runner.py", line 262, in <lambda>
    lambda: ihook(item=item, **kwds), when=when, reraise=reraise
  File "C:\Users\praveen.kittali\Working\Agentra_3.0\.venv\Lib\site-packages\pluggy\_hooks.py", line 512, in __call__
    return self._hookexec(self.name, self._hookimpls.copy(), kwargs, firstresult)
  File "C:\Users\praveen.kittali\Working\Agentra_3.0\.venv\Lib\site-packages\pluggy\_manager.py", line 120, in _hookexec
    return self._inner_hookexec(hook_name, methods, kwargs, firstresult)
  File "C:\Users\praveen.kittali\Working\Agentra_3.0\.venv\Lib\site-packages\pluggy\_callers.py", line 121, in _multicall
    res = hook_impl.function(*args)
  File "C:\Users\praveen.kittali\Working\Agentra_3.0\.venv\Lib\site-packages\_pytest\runner.py", line 169, in pytest_runtest_call
    item.runtest()
  File "C:\Users\praveen.kittali\Working\Agentra_3.0\.venv\Lib\site-packages\_pytest\python.py", line 1788, in runtest
    self.ihook.pytest_pyfunc_call(pyfuncitem=self)
  File "C:\Users\praveen.kittali\Working\Agentra_3.0\.venv\Lib\site-packages\pluggy\_hooks.py", line 512, in __call__
    return self._hookexec(self.name, self._hookimpls.copy(), kwargs, firstresult)
  File "C:\Users\praveen.kittali\Working\Agentra_3.0\.venv\Lib\site-packages\pluggy\_manager.py", line 120, in _hookexec
    return self._inner_hookexec(hook_name, methods, kwargs, firstresult)
  File "C:\Users\praveen.kittali\Working\Agentra_3.0\.venv\Lib\site-packages\pluggy\_callers.py", line 121, in _multicall
    res = hook_impl.function(*args)
  File "C:\Users\praveen.kittali\Working\Agentra_3.0\.venv\Lib\site-packages\_pytest\python.py", line 194, in pytest_pyfunc_call
    result = testfunction(**testargs)
  File "C:\Users\praveen.kittali\Working\Agentra_3.0\tests\test_login.py", line 64, in test_login_web
    hpApp.login(user, pwd)
  File "C:\Users\praveen.kittali\Working\Agentra_3.0\apps\hp_web_app.py", line 15, in login
    self.login_page.click_login()
  File "C:\Users\praveen.kittali\Working\Agentra_3.0\pages\web\login_page.py", line 34, in click_login
    self.click(*LoginPageLocators.LOGIN_BUTTON)
  File "C:\Users\praveen.kittali\Working\Agentra_3.0\pages\base_page.py", line 140, in click
    return self._safe_action(
  File "C:\Users\praveen.kittali\Working\Agentra_3.0\pages\base_page.py", line 96, in _safe_action
    return self._fail(
  File "C:\Users\praveen.kittali\Working\Agentra_3.0\pages\base_page.py", line 110, in _fail
    self.logger.error(error_msg)
Message: "❌ Failed after 3 retries (TimeoutException) during: Clicking element (xpath, //button[@id='submit2'])\nMessage: \nStacktrace:\n\tGetHandleVerifier [0x0x7ff66781e8e5+80021]\n\tGetHandleVerifier [0x0x7ff66781e940+80112]\n\t(No symbol) [0x0x7ff6675a060f]\n\t(No symbol) [0x0x7ff6675f8854]\n\t(No symbol) [0x0x7ff6675f8b1c]\n\t(No symbol) [0x0x7ff66764c927]\n\t(No symbol) [0x0x7ff66762126f]\n\t(No symbol) [0x0x7ff66764968a]\n\t(No symbol) [0x0x7ff667621003]\n\t(No symbol) [0x0x7ff6675e95d1]\n\t(No symbol) [0x0x7ff6675ea3f3]\n\tGetHandleVerifier [0x0x7ff667addc7d+2960429]\n\tGetHandleVerifier [0x0x7ff667ad7f3a+2936554]\n\tGetHandleVerifier [0x0x7ff667af8977+3070247]\n\tGetHandleVerifier [0x0x7ff6678383ce+185214]\n\tGetHandleVerifier [0x0x7ff66783fe1f+216527]\n\tGetHandleVerifier [0x0x7ff667827b24+117460]\n\tGetHandleVerifier [0x0x7ff667827cdf+117903]\n\tGetHandleVerifier [0x0x7ff66780dbb8+11112]\n\tBaseThreadInitThunk [0x0x7ff85caae8d7+23]\n\tRtlUserThreadStart [0x0x7ff85daec53c+44]\n"
Arguments: ()
2025-11-18 13:26:17 | ERROR | LoginPage | ❌ Failed after 3 retries (TimeoutException) during: Clicking element (xpath, //button[@id='submit2'])
Message: 
Stacktrace:
	GetHandleVerifier [0x0x7ff66781e8e5+80021]
	GetHandleVerifier [0x0x7ff66781e940+80112]
	(No symbol) [0x0x7ff6675a060f]
	(No symbol) [0x0x7ff6675f8854]
	(No symbol) [0x0x7ff6675f8b1c]
	(No symbol) [0x0x7ff66764c927]
	(No symbol) [0x0x7ff66762126f]
	(No symbol) [0x0x7ff66764968a]
	(No symbol) [0x0x7ff667621003]
	(No symbol) [0x0x7ff6675e95d1]
	(No symbol) [0x0x7ff6675ea3f3]
	GetHandleVerifier [0x0x7ff667addc7d+2960429]
	GetHandleVerifier [0x0x7ff667ad7f3a+2936554]
	GetHandleVerifier [0x0x7ff667af8977+3070247]
	GetHandleVerifier [0x0x7ff6678383ce+185214]
	GetHandleVerifier [0x0x7ff66783fe1f+216527]
	GetHandleVerifier [0x0x7ff667827b24+117460]
	GetHandleVerifier [0x0x7ff667827cdf+117903]
	GetHandleVerifier [0x0x7ff66780dbb8+11112]
	BaseThreadInitThunk [0x0x7ff85caae8d7+23]
	RtlUserThreadStart [0x0x7ff85daec53c+44]

