2025-11-21 10:36:03 | INFO | core.web_driver | Launching Chrome browser...
2025-11-21 10:36:19 | INFO | tests.test_01_validate_promo | Starting test_01_validate_promo
2025-11-21 10:36:19 | INFO | LaunchLandingPage | Navigating to HP Portal Login URL
2025-11-21 10:36:38 | INFO | LaunchLandingPage | Navigating to HP Portal Login URL
2025-11-21 10:36:38 | INFO | LaunchLandingPage | Clicking element (xpath, //button[@id='onetrust-accept-btn-handler']) - Attempt 1
2025-11-21 10:36:41 | INFO | LaunchLandingPage | Navigating to HP Portal Login URL
2025-11-21 10:36:41 | INFO | LaunchLandingPage | Clicking element (xpath, //button[@data-testid='header-sign-up-button']) - Attempt 1
2025-11-21 10:36:50 | INFO | CreateAccountPage | Navigating to create account page
2025-11-21 10:36:50 | INFO | CreateAccountPage | Clicking element (xpath, //button[@data-testid='create-account-button']) - Attempt 1
2025-11-21 10:36:56 | INFO | CreateAccountPage | Entering first name into input field
2025-11-21 10:36:56 | INFO | CreateAccountPage | Entering 'John' into (xpath, //input[@id='firstName']) - Attempt 1
2025-11-21 10:37:20 | WARNING | CreateAccountPage | Entering 'John' into (xpath, //input[@id='firstName']) failed with TimeoutException. Retrying 1/2...
2025-11-21 10:37:21 | INFO | CreateAccountPage | Entering 'John' into (xpath, //input[@id='firstName']) - Attempt 2
2025-11-21 10:37:31 | WARNING | CreateAccountPage | Entering 'John' into (xpath, //input[@id='firstName']) failed with TimeoutException. Retrying 2/2...
2025-11-21 10:37:32 | INFO | CreateAccountPage | Entering 'John' into (xpath, //input[@id='firstName']) - Attempt 3
--- Logging error ---
Traceback (most recent call last):
  File "C:\Users\JaNi770\OneDrive - HP Inc\Documents\GitHub\Agentra_3.0\pages\base_page.py", line 83, in _safe_action
    return func(*args, **kwargs)   # SUCCESS → exit immediately
  File "C:\Users\JaNi770\OneDrive - HP Inc\Documents\GitHub\Agentra_3.0\pages\base_page.py", line 164, in _enter_text
    self.driver.wait_for_element(locator_type, locator_value)
    ~~~~~~~~~~~~~~~~~~~~~~~~~~~~^^^^^^^^^^^^^^^^^^^^^^^^^^^^^
  File "C:\Users\JaNi770\OneDrive - HP Inc\Documents\GitHub\Agentra_3.0\core\web_driver.py", line 63, in wait_for_element
    WebDriverWait(self.driver, timeout).until(
    ~~~~~~~~~~~~~~~~~~~~~~~~~~~~~~~~~~~~~~~~~^
        EC.presence_of_element_located((getattr(By, locator_type.upper()), locator_value))
        ^^^^^^^^^^^^^^^^^^^^^^^^^^^^^^^^^^^^^^^^^^^^^^^^^^^^^^^^^^^^^^^^^^^^^^^^^^^^^^^^^^
    )
    ^
  File "C:\Users\JaNi770\OneDrive - HP Inc\Documents\GitHub\Agentra_3.0\venv\Lib\site-packages\selenium\webdriver\support\wait.py", line 138, in until
    raise TimeoutException(message, screen, stacktrace)
selenium.common.exceptions.TimeoutException: Message: 
Stacktrace:
Symbols not available. Dumping unresolved backtrace:
	0x7ff7d67ea235
	0x7ff7d6542630
	0x7ff7d62d16dd
	0x7ff7d632a27e
	0x7ff7d632a58c
	0x7ff7d637ed77
	0x7ff7d637baba
	0x7ff7d631b0ed
	0x7ff7d631bf63
	0x7ff7d6815d60
	0x7ff7d680fe8a
	0x7ff7d6831005
	0x7ff7d655d71e
	0x7ff7d6564e1f
	0x7ff7d654b7c4
	0x7ff7d654b97f
	0x7ff7d65318e8
	0x7ffea8ede8d7
	0x7ffea926c53c


During handling of the above exception, another exception occurred:

Traceback (most recent call last):
  File "C:\Program Files\Python313\Lib\logging\__init__.py", line 1154, in emit
    stream.write(msg + self.terminator)
    ~~~~~~~~~~~~^^^^^^^^^^^^^^^^^^^^^^^
  File "C:\Program Files\Python313\Lib\encodings\cp1252.py", line 19, in encode
    return codecs.charmap_encode(input,self.errors,encoding_table)[0]
           ~~~~~~~~~~~~~~~~~~~~~^^^^^^^^^^^^^^^^^^^^^^^^^^^^^^^^^^
UnicodeEncodeError: 'charmap' codec can't encode character '\u274c' in position 50: character maps to <undefined>
Call stack:
  File "<string>", line 1, in <module>
    import sys;exec(eval(sys.stdin.readline()))
  File "<string>", line 8, in <module>
  File "C:\Users\JaNi770\OneDrive - HP Inc\Documents\GitHub\Agentra_3.0\venv\Lib\site-packages\execnet\gateway_base.py", line 1806, in serve
    WorkerGateway(io=io, id=id, _startcount=2).serve()
  File "C:\Users\JaNi770\OneDrive - HP Inc\Documents\GitHub\Agentra_3.0\venv\Lib\site-packages\execnet\gateway_base.py", line 1273, in serve
    self._execpool.integrate_as_primary_thread()
  File "C:\Users\JaNi770\OneDrive - HP Inc\Documents\GitHub\Agentra_3.0\venv\Lib\site-packages\execnet\gateway_base.py", line 389, in integrate_as_primary_thread
    self._perform_spawn(reply)
  File "C:\Users\JaNi770\OneDrive - HP Inc\Documents\GitHub\Agentra_3.0\venv\Lib\site-packages\execnet\gateway_base.py", line 411, in _perform_spawn
    reply.run()
  File "C:\Users\JaNi770\OneDrive - HP Inc\Documents\GitHub\Agentra_3.0\venv\Lib\site-packages\execnet\gateway_base.py", line 341, in run
    self._result = func(*args, **kwargs)
  File "C:\Users\JaNi770\OneDrive - HP Inc\Documents\GitHub\Agentra_3.0\venv\Lib\site-packages\execnet\gateway_base.py", line 1291, in executetask
    exec(co, loc)
  File "C:\Users\JaNi770\OneDrive - HP Inc\Documents\GitHub\Agentra_3.0\venv\Lib\site-packages\xdist\remote.py", line 427, in <module>
    config.hook.pytest_cmdline_main(config=config)
  File "C:\Users\JaNi770\OneDrive - HP Inc\Documents\GitHub\Agentra_3.0\venv\Lib\site-packages\pluggy\_hooks.py", line 512, in __call__
    return self._hookexec(self.name, self._hookimpls.copy(), kwargs, firstresult)
  File "C:\Users\JaNi770\OneDrive - HP Inc\Documents\GitHub\Agentra_3.0\venv\Lib\site-packages\pluggy\_manager.py", line 120, in _hookexec
    return self._inner_hookexec(hook_name, methods, kwargs, firstresult)
  File "C:\Users\JaNi770\OneDrive - HP Inc\Documents\GitHub\Agentra_3.0\venv\Lib\site-packages\pluggy\_callers.py", line 121, in _multicall
    res = hook_impl.function(*args)
  File "C:\Users\JaNi770\OneDrive - HP Inc\Documents\GitHub\Agentra_3.0\venv\Lib\site-packages\_pytest\main.py", line 365, in pytest_cmdline_main
    return wrap_session(config, _main)
  File "C:\Users\JaNi770\OneDrive - HP Inc\Documents\GitHub\Agentra_3.0\venv\Lib\site-packages\_pytest\main.py", line 318, in wrap_session
    session.exitstatus = doit(config, session) or 0
  File "C:\Users\JaNi770\OneDrive - HP Inc\Documents\GitHub\Agentra_3.0\venv\Lib\site-packages\_pytest\main.py", line 372, in _main
    config.hook.pytest_runtestloop(session=session)
  File "C:\Users\JaNi770\OneDrive - HP Inc\Documents\GitHub\Agentra_3.0\venv\Lib\site-packages\pluggy\_hooks.py", line 512, in __call__
    return self._hookexec(self.name, self._hookimpls.copy(), kwargs, firstresult)
  File "C:\Users\JaNi770\OneDrive - HP Inc\Documents\GitHub\Agentra_3.0\venv\Lib\site-packages\pluggy\_manager.py", line 120, in _hookexec
    return self._inner_hookexec(hook_name, methods, kwargs, firstresult)
  File "C:\Users\JaNi770\OneDrive - HP Inc\Documents\GitHub\Agentra_3.0\venv\Lib\site-packages\pluggy\_callers.py", line 121, in _multicall
    res = hook_impl.function(*args)
  File "C:\Users\JaNi770\OneDrive - HP Inc\Documents\GitHub\Agentra_3.0\venv\Lib\site-packages\xdist\remote.py", line 206, in pytest_runtestloop
    self.run_one_test()
  File "C:\Users\JaNi770\OneDrive - HP Inc\Documents\GitHub\Agentra_3.0\venv\Lib\site-packages\xdist\remote.py", line 227, in run_one_test
    self.config.hook.pytest_runtest_protocol(item=item, nextitem=nextitem)
  File "C:\Users\JaNi770\OneDrive - HP Inc\Documents\GitHub\Agentra_3.0\venv\Lib\site-packages\pluggy\_hooks.py", line 512, in __call__
    return self._hookexec(self.name, self._hookimpls.copy(), kwargs, firstresult)
  File "C:\Users\JaNi770\OneDrive - HP Inc\Documents\GitHub\Agentra_3.0\venv\Lib\site-packages\pluggy\_manager.py", line 120, in _hookexec
    return self._inner_hookexec(hook_name, methods, kwargs, firstresult)
  File "C:\Users\JaNi770\OneDrive - HP Inc\Documents\GitHub\Agentra_3.0\venv\Lib\site-packages\pluggy\_callers.py", line 121, in _multicall
    res = hook_impl.function(*args)
  File "C:\Users\JaNi770\OneDrive - HP Inc\Documents\GitHub\Agentra_3.0\venv\Lib\site-packages\_pytest\runner.py", line 118, in pytest_runtest_protocol
    runtestprotocol(item, nextitem=nextitem)
  File "C:\Users\JaNi770\OneDrive - HP Inc\Documents\GitHub\Agentra_3.0\venv\Lib\site-packages\_pytest\runner.py", line 137, in runtestprotocol
    reports.append(call_and_report(item, "call", log))
  File "C:\Users\JaNi770\OneDrive - HP Inc\Documents\GitHub\Agentra_3.0\venv\Lib\site-packages\_pytest\runner.py", line 244, in call_and_report
    call = CallInfo.from_call(
  File "C:\Users\JaNi770\OneDrive - HP Inc\Documents\GitHub\Agentra_3.0\venv\Lib\site-packages\_pytest\runner.py", line 353, in from_call
    result: TResult | None = func()
  File "C:\Users\JaNi770\OneDrive - HP Inc\Documents\GitHub\Agentra_3.0\venv\Lib\site-packages\_pytest\runner.py", line 245, in <lambda>
    lambda: runtest_hook(item=item, **kwds),
  File "C:\Users\JaNi770\OneDrive - HP Inc\Documents\GitHub\Agentra_3.0\venv\Lib\site-packages\pluggy\_hooks.py", line 512, in __call__
    return self._hookexec(self.name, self._hookimpls.copy(), kwargs, firstresult)
  File "C:\Users\JaNi770\OneDrive - HP Inc\Documents\GitHub\Agentra_3.0\venv\Lib\site-packages\pluggy\_manager.py", line 120, in _hookexec
    return self._inner_hookexec(hook_name, methods, kwargs, firstresult)
  File "C:\Users\JaNi770\OneDrive - HP Inc\Documents\GitHub\Agentra_3.0\venv\Lib\site-packages\pluggy\_callers.py", line 121, in _multicall
    res = hook_impl.function(*args)
  File "C:\Users\JaNi770\OneDrive - HP Inc\Documents\GitHub\Agentra_3.0\venv\Lib\site-packages\_pytest\runner.py", line 179, in pytest_runtest_call
    item.runtest()
  File "C:\Users\JaNi770\OneDrive - HP Inc\Documents\GitHub\Agentra_3.0\venv\Lib\site-packages\_pytest\python.py", line 1720, in runtest
    self.ihook.pytest_pyfunc_call(pyfuncitem=self)
  File "C:\Users\JaNi770\OneDrive - HP Inc\Documents\GitHub\Agentra_3.0\venv\Lib\site-packages\pluggy\_hooks.py", line 512, in __call__
    return self._hookexec(self.name, self._hookimpls.copy(), kwargs, firstresult)
  File "C:\Users\JaNi770\OneDrive - HP Inc\Documents\GitHub\Agentra_3.0\venv\Lib\site-packages\pluggy\_manager.py", line 120, in _hookexec
    return self._inner_hookexec(hook_name, methods, kwargs, firstresult)
  File "C:\Users\JaNi770\OneDrive - HP Inc\Documents\GitHub\Agentra_3.0\venv\Lib\site-packages\pluggy\_callers.py", line 121, in _multicall
    res = hook_impl.function(*args)
  File "C:\Users\JaNi770\OneDrive - HP Inc\Documents\GitHub\Agentra_3.0\venv\Lib\site-packages\_pytest\python.py", line 166, in pytest_pyfunc_call
    result = testfunction(**testargs)
  File "C:\Users\JaNi770\OneDrive - HP Inc\Documents\GitHub\Agentra_3.0\tests\test_01_validate_promo.py", line 22, in test_01_validate_promo
    hpApp.create_account()
  File "C:\Users\JaNi770\OneDrive - HP Inc\Documents\GitHub\Agentra_3.0\apps\hp_web_app.py", line 36, in create_account
    self.create_account_page.enter_first_name()
  File "C:\Users\JaNi770\OneDrive - HP Inc\Documents\GitHub\Agentra_3.0\pages\web\createaccount_page.py", line 33, in enter_first_name
    self.enter_text(*CreateAccountPageLocators.FIRST_NAME_INPUT, first_name)
  File "C:\Users\JaNi770\OneDrive - HP Inc\Documents\GitHub\Agentra_3.0\pages\base_page.py", line 155, in enter_text
    return self._safe_action(
  File "C:\Users\JaNi770\OneDrive - HP Inc\Documents\GitHub\Agentra_3.0\pages\base_page.py", line 97, in _safe_action
    return self._fail(
  File "C:\Users\JaNi770\OneDrive - HP Inc\Documents\GitHub\Agentra_3.0\pages\base_page.py", line 111, in _fail
    self.logger.error(error_msg)
Message: "❌ Failed after 2 retries (TimeoutException) during: Entering 'John' into (xpath, //input[@id='firstName'])\nMessage: \nStacktrace:\nSymbols not available. Dumping unresolved backtrace:\n\t0x7ff7d67ea235\n\t0x7ff7d6542630\n\t0x7ff7d62d16dd\n\t0x7ff7d632a27e\n\t0x7ff7d632a58c\n\t0x7ff7d637ed77\n\t0x7ff7d637baba\n\t0x7ff7d631b0ed\n\t0x7ff7d631bf63\n\t0x7ff7d6815d60\n\t0x7ff7d680fe8a\n\t0x7ff7d6831005\n\t0x7ff7d655d71e\n\t0x7ff7d6564e1f\n\t0x7ff7d654b7c4\n\t0x7ff7d654b97f\n\t0x7ff7d65318e8\n\t0x7ffea8ede8d7\n\t0x7ffea926c53c\n"
Arguments: ()
2025-11-21 10:37:42 | ERROR | CreateAccountPage | ❌ Failed after 2 retries (TimeoutException) during: Entering 'John' into (xpath, //input[@id='firstName'])
Message: 
Stacktrace:
Symbols not available. Dumping unresolved backtrace:
	0x7ff7d67ea235
	0x7ff7d6542630
	0x7ff7d62d16dd
	0x7ff7d632a27e
	0x7ff7d632a58c
	0x7ff7d637ed77
	0x7ff7d637baba
	0x7ff7d631b0ed
	0x7ff7d631bf63
	0x7ff7d6815d60
	0x7ff7d680fe8a
	0x7ff7d6831005
	0x7ff7d655d71e
	0x7ff7d6564e1f
	0x7ff7d654b7c4
	0x7ff7d654b97f
	0x7ff7d65318e8
	0x7ffea8ede8d7
	0x7ffea926c53c

