{"name": "test_23_multiple_codes_ui_special_offer_enroll_oobe", "status": "broken", "statusDetails": {"message": "selenium.common.exceptions.StaleElementReferenceException: Message: stale element reference: stale element not found in the current frame\n  (Session info: chrome=142.0.7444.176); For documentation on this error, please visit: https://www.selenium.dev/documentation/webdriver/troubleshooting/errors#staleelementreferenceexception\nStacktrace:\nSymbols not available. Dumping unresolved backtrace:\n\t0x7ff763c1a235\n\t0x7ff763972630\n\t0x7ff7637016dd\n\t0x7ff7637094c8\n\t0x7ff76370c52f\n\t0x7ff76370c5ef\n\t0x7ff7637623ab\n\t0x7ff76375fe4e\n\t0x7ff76375cd71\n\t0x7ff76375bc10\n\t0x7ff76374d3a8\n\t0x7ff763782b0a\n\t0x7ff76374cc36\n\t0x7ff7637ababa\n\t0x7ff76374b0ed\n\t0x7ff76374bf63\n\t0x7ff763c45d60\n\t0x7ff763c3fe8a\n\t0x7ff763c61005\n\t0x7ff76398d71e\n\t0x7ff763994e1f\n\t0x7ff76397b7c4\n\t0x7ff76397b97f\n\t0x7ff7639618e8\n\t0x7ff8bd9de8d7\n\t0x7ff8bee0c53c", "trace": "hpApp = <apps.hp_web_app.HPAppWeb object at 0x000002C92AF77E00>\n\n    @allure.description(\"\"\"\n    This test validates the Sign up functionality on the web platform using valid user credentials.\n    It ensures that:\n    1. InstantInk landing page URL is launched successfully.\n    2. Navigating to create account\n    3. Entering user credentials correctly\n    4. Creating account\n    \"\"\")\n    # @pytest.mark.parametrize('user,pwd', [('student','Password123')])\n    def test_23_multiple_codes_ui_special_offer_enroll_oobe(hpApp):\n    \n        logger.info(f\"Starting test_01_validate_promo\")\n        hpApp.launch_web()\n        hpApp.create_account()\n        # hpApp.onboard_printer()\n        hpApp.checkout_upto_shipping_billing()\n>       hpApp.enter_shipping_details()\n\ntests\\test_23_multiple_codes_ui_special_offer_enroll_oobe.py:27: \n_ _ _ _ _ _ _ _ _ _ _ _ _ _ _ _ _ _ _ _ _ _ _ _ _ _ _ _ _ _ _ _ _ _ _ _ _ _ _ _\napps\\hp_web_app.py:90: in enter_shipping_details\n    self.shippingpage.click_save_shipping()\npages\\web\\shippingpage.py:73: in click_save_shipping\n    self.click(*AddShippingPageLocators.SAVE_BUTTON)\npages\\base_page.py:143: in click\n    return self._safe_action(\npages\\base_page.py:99: in _safe_action\n    return self._fail(\npages\\base_page.py:135: in _fail\n    raise exception_obj  # important: propagate failure to test\n    ^^^^^^^^^^^^^^^^^^^\npages\\base_page.py:85: in _safe_action\n    return func(*args, **kwargs)   # SUCCESS → exit immediately\n           ^^^^^^^^^^^^^^^^^^^^^\npages\\base_page.py:152: in _click\n    self.driver.click(locator_type, locator_value)\ncore\\web_driver.py:55: in click\n    self.find_element(locator_type, locator_value).click()\nvenv\\Lib\\site-packages\\selenium\\webdriver\\remote\\webelement.py:119: in click\n    self._execute(Command.CLICK_ELEMENT)\nvenv\\Lib\\site-packages\\selenium\\webdriver\\remote\\webelement.py:572: in _execute\n    return self._parent.execute(command, params)\n           ^^^^^^^^^^^^^^^^^^^^^^^^^^^^^^^^^^^^^\nvenv\\Lib\\site-packages\\selenium\\webdriver\\remote\\webdriver.py:458: in execute\n    self.error_handler.check_response(response)\n_ _ _ _ _ _ _ _ _ _ _ _ _ _ _ _ _ _ _ _ _ _ _ _ _ _ _ _ _ _ _ _ _ _ _ _ _ _ _ _\n\nself = <selenium.webdriver.remote.errorhandler.ErrorHandler object at 0x000002C92B8E5160>\nresponse = {'status': 404, 'value': '{\"value\":{\"error\":\"stale element reference\",\"message\":\"stale element reference: stale elemen...ff763994e1f\\\\n\\\\t0x7ff76397b7c4\\\\n\\\\t0x7ff76397b97f\\\\n\\\\t0x7ff7639618e8\\\\n\\\\t0x7ff8bd9de8d7\\\\n\\\\t0x7ff8bee0c53c\\\\n\"}}'}\n\n    def check_response(self, response: dict[str, Any]) -> None:\n        \"\"\"Checks that a JSON response from the WebDriver does not have an\n        error.\n    \n        Args:\n            response: The JSON response from the WebDriver server as a dictionary\n                object.\n    \n        Raises:\n            WebDriverException: If the response contains an error message.\n        \"\"\"\n        status = response.get(\"status\", None)\n        if not status or status == ErrorCode.SUCCESS:\n            return\n        value = None\n        message = response.get(\"message\", \"\")\n        screen: str = response.get(\"screen\", \"\")\n        stacktrace = None\n        if isinstance(status, int):\n            value_json = response.get(\"value\", None)\n            if value_json and isinstance(value_json, str):\n                try:\n                    value = json.loads(value_json)\n                    if isinstance(value, dict):\n                        if len(value) == 1:\n                            value = value[\"value\"]\n                        status = value.get(\"error\", None)\n                        if not status:\n                            status = value.get(\"status\", ErrorCode.UNKNOWN_ERROR)\n                            message = value.get(\"value\") or value.get(\"message\")\n                            if not isinstance(message, str):\n                                value = message\n                                message = message.get(\"message\") if isinstance(message, dict) else None\n                        else:\n                            message = value.get(\"message\", None)\n                except ValueError:\n                    pass\n    \n        exception_class: type[WebDriverException]\n        e = ErrorCode()\n        error_codes = [item for item in dir(e) if not item.startswith(\"__\")]\n        for error_code in error_codes:\n            error_info = getattr(ErrorCode, error_code)\n            if isinstance(error_info, list) and status in error_info:\n                exception_class = getattr(ExceptionMapping, error_code, WebDriverException)\n                break\n        else:\n            exception_class = WebDriverException\n    \n        if not value:\n            value = response[\"value\"]\n        if isinstance(value, str):\n            raise exception_class(value)\n        if message == \"\" and \"message\" in value:\n            message = value[\"message\"]\n    \n        screen = None  # type: ignore[assignment]\n        if \"screen\" in value:\n            screen = value[\"screen\"]\n    \n        stacktrace = None\n        st_value = value.get(\"stackTrace\") or value.get(\"stacktrace\")\n        if st_value:\n            if isinstance(st_value, str):\n                stacktrace = st_value.split(\"\\n\")\n            else:\n                stacktrace = []\n                try:\n                    for frame in st_value:\n                        line = frame.get(\"lineNumber\", \"\")\n                        file = frame.get(\"fileName\", \"<anonymous>\")\n                        if line:\n                            file = f\"{file}:{line}\"\n                        meth = frame.get(\"methodName\", \"<anonymous>\")\n                        if \"className\" in frame:\n                            meth = f\"{frame['className']}.{meth}\"\n                        msg = \"    at %s (%s)\"\n                        msg = msg % (meth, file)\n                        stacktrace.append(msg)\n                except TypeError:\n                    pass\n        if exception_class == UnexpectedAlertPresentException:\n            alert_text = None\n            if \"data\" in value:\n                alert_text = value[\"data\"].get(\"text\")\n            elif \"alert\" in value:\n                alert_text = value[\"alert\"].get(\"text\")\n            raise exception_class(message, screen, stacktrace, alert_text)  # type: ignore[call-arg]  # mypy is not smart enough here\n>       raise exception_class(message, screen, stacktrace)\nE       selenium.common.exceptions.StaleElementReferenceException: Message: stale element reference: stale element not found in the current frame\nE         (Session info: chrome=142.0.7444.176); For documentation on this error, please visit: https://www.selenium.dev/documentation/webdriver/troubleshooting/errors#staleelementreferenceexception\nE       Stacktrace:\nE       Symbols not available. Dumping unresolved backtrace:\nE       \t0x7ff763c1a235\nE       \t0x7ff763972630\nE       \t0x7ff7637016dd\nE       \t0x7ff7637094c8\nE       \t0x7ff76370c52f\nE       \t0x7ff76370c5ef\nE       \t0x7ff7637623ab\nE       \t0x7ff76375fe4e\nE       \t0x7ff76375cd71\nE       \t0x7ff76375bc10\nE       \t0x7ff76374d3a8\nE       \t0x7ff763782b0a\nE       \t0x7ff76374cc36\nE       \t0x7ff7637ababa\nE       \t0x7ff76374b0ed\nE       \t0x7ff76374bf63\nE       \t0x7ff763c45d60\nE       \t0x7ff763c3fe8a\nE       \t0x7ff763c61005\nE       \t0x7ff76398d71e\nE       \t0x7ff763994e1f\nE       \t0x7ff76397b7c4\nE       \t0x7ff76397b97f\nE       \t0x7ff7639618e8\nE       \t0x7ff8bd9de8d7\nE       \t0x7ff8bee0c53c\n\nvenv\\Lib\\site-packages\\selenium\\webdriver\\remote\\errorhandler.py:233: StaleElementReferenceException"}, "description": "\nThis test validates the Sign up functionality on the web platform using valid user credentials.\nIt ensures that:\n1. InstantInk landing page URL is launched successfully.\n2. Navigating to create account\n3. Entering user credentials correctly\n4. Creating account\n", "steps": [{"name": "Launch HP Portal", "status": "passed", "start": 1765169424606, "stop": 1765169445625}, {"name": "Clicked I Accept ", "status": "passed", "steps": [{"name": "Clicking element (xpath, //button[@id='onetrust-accept-btn-handler']) (Attempt 1)", "status": "passed", "attachments": [{"name": "Log", "source": "29ccac76-41c9-4391-8376-332427ab161d-attachment.txt", "type": "text/plain"}], "start": 1765169445625, "stop": 1765169450961}], "start": 1765169445625, "stop": 1765169450961}, {"name": "Clicked Sign up now", "status": "passed", "steps": [{"name": "Clicking element (xpath, //button[@data-testid='header-sign-up-button']) (Attempt 1)", "status": "passed", "attachments": [{"name": "Log", "source": "f88f8b28-3637-4228-a089-59d6597f2e72-attachment.txt", "type": "text/plain"}], "start": 1765169450962, "stop": 1765169465719}], "start": 1765169450962, "stop": 1765169465719}, {"name": "Clicked Create Account", "status": "passed", "steps": [{"name": "Clicking element (xpath, //button[@data-testid='create-account-button']) (Attempt 1)", "status": "passed", "attachments": [{"name": "Log", "source": "38312945-7afb-4965-af6d-3ed6236b4642-attachment.txt", "type": "text/plain"}], "start": 1765169465722, "stop": 1765169488933}], "start": 1765169465721, "stop": 1765169488933}, {"name": "Entered First Name", "status": "passed", "steps": [{"name": "Entering 'John' into (xpath, //input[@id='firstName']) (Attempt 1)", "status": "passed", "attachments": [{"name": "Log", "source": "805d3d4f-31f0-4eb4-b7e2-d78cb09155e7-attachment.txt", "type": "text/plain"}], "start": 1765169488934, "stop": 1765169503189}], "start": 1765169488934, "stop": 1765169503189}, {"name": "Entered Last Name", "status": "passed", "steps": [{"name": "Entering 'Doe' into (xpath, //input[@id='lastName']) (Attempt 1)", "status": "passed", "attachments": [{"name": "Log", "source": "f71d88bc-c76b-432d-9cd3-ed5754ce7335-attachment.txt", "type": "text/plain"}], "start": 1765169503190, "stop": 1765169504943}], "start": 1765169503189, "stop": 1765169504943}, {"name": "Entered Email", "status": "passed", "steps": [{"name": "Entering 'GSsauqfyhi7@mailsac.com' into (xpath, //input[@id='email']) (Attempt 1)", "status": "passed", "attachments": [{"name": "Log", "source": "17deba44-4fc2-4f19-ba13-0b152c7073b2-attachment.txt", "type": "text/plain"}], "start": 1765169504944, "stop": 1765169505641}], "start": 1765169504944, "stop": 1765169505641}, {"name": "Entered Password", "status": "passed", "steps": [{"name": "Entering 'GSGSsauqfyhi7@mailsac.com@123' into (xpath, //input[@id='password']) (Attempt 1)", "status": "passed", "attachments": [{"name": "Log", "source": "86f2d275-7a12-450e-99b3-6347d623b61b-attachment.txt", "type": "text/plain"}], "start": 1765169505642, "stop": 1765169506352}], "start": 1765169505642, "stop": 1765169506352}, {"name": "Clicked Submit Create Account button", "status": "passed", "steps": [{"name": "Clicking element (xpath, //button[@id='sign-up-submit']) (Attempt 1)", "status": "passed", "attachments": [{"name": "Log", "source": "dc14b5f7-45a3-451e-8247-56723aa0bbf8-attachment.txt", "type": "text/plain"}], "start": 1765169506352, "stop": 1765169506906}], "start": 1765169506352, "stop": 1765169506906}, {"name": "Opened Email", "status": "passed", "steps": [{"name": "Entered Verification code", "status": "passed", "steps": [{"name": "Entering '360807' into (xpath, //input[@id='code']) (Attempt 1)", "status": "passed", "attachments": [{"name": "Log", "source": "9bff71cc-f8f0-431f-87ec-ac348102639c-attachment.txt", "type": "text/plain"}], "start": 1765169532561, "stop": 1765169532958}], "start": 1765169532561, "stop": 1765169532958}, {"name": "Clicked Verify button", "status": "passed", "steps": [{"name": "Clicking element (xpath, //button[contains(@id,'submit-code')]) (Attempt 1)", "status": "passed", "attachments": [{"name": "Log", "source": "1be97777-0094-4400-b555-8a705e37de95-attachment.txt", "type": "text/plain"}], "start": 1765169532959, "stop": 1765169533464}], "start": 1765169532959, "stop": 1765169533464}], "start": 1765169506907, "stop": 1765169533464}, {"name": "Selected plan on Plan Selection Page", "status": "passed", "steps": [{"name": "Clicked Monthly plan button", "status": "passed", "steps": [{"name": "Clicking element (xpath, //button[@data-testid='i_ink-plan-type-card-select-button']) (Attempt 1)", "status": "passed", "attachments": [{"name": "Log", "source": "946eab09-0780-40a7-b1fb-edd45252ab6e-attachment.txt", "type": "text/plain"}], "start": 1765169533467, "stop": 1765169602649}], "start": 1765169533467, "stop": 1765169602649}, {"name": "Clicked Ink and Paper plan button", "status": "passed", "steps": [{"name": "Clicking element (xpath, //button[@data-testid='select-plan-ink-and-paper']) (Attempt 1)", "status": "passed", "attachments": [{"name": "Log", "source": "83e25814-c79a-4c9c-bad5-84efb2e0c3ad-attachment.txt", "type": "text/plain"}], "start": 1765169602650, "stop": 1765169603798}], "start": 1765169602650, "stop": 1765169603798}], "start": 1765169533466, "stop": 1765169603798}, {"name": "Clicked HP Checkout button", "status": "passed", "steps": [{"name": "Wait until element is clickable", "status": "passed", "parameters": [{"name": "by", "value": "'xpath'"}, {"name": "locator", "value": "'//button[@data-testid='choose-HP-checkout']'"}, {"name": "timeout", "value": "40"}], "start": 1765169603800, "stop": 1765169622412}, {"name": "Clicking element (xpath, //button[@data-testid='choose-HP-checkout']) (Attempt 1)", "status": "passed", "attachments": [{"name": "Log", "source": "3a1fbf2d-a729-460e-a42f-391f54aa2eb9-attachment.txt", "type": "text/plain"}], "start": 1765169622412, "stop": 1765169623486}], "start": 1765169603800, "stop": 1765169623486}, {"name": "Click Add Shipping button", "status": "passed", "steps": [{"name": "Clicking element (xpath, //button[@data-testid='add-shipping']) (Attempt 1)", "status": "passed", "attachments": [{"name": "Log", "source": "96381e4a-9cdf-487b-824d-f1ef995984b5-attachment.txt", "type": "text/plain"}], "start": 1765169623487, "stop": 1765169626986}], "start": 1765169623487, "stop": 1765169626986}, {"name": "Entered Street1", "status": "passed", "steps": [{"name": "Entering '1234 Sunset Blvd' into (xpath, //input[@id='street1']) (Attempt 1)", "status": "passed", "attachments": [{"name": "Log", "source": "4f97444d-601d-4569-9490-651c4860222e-attachment.txt", "type": "text/plain"}], "start": 1765169626987, "stop": 1765169642506}], "start": 1765169626987, "stop": 1765169642506}, {"name": "Entered City", "status": "passed", "steps": [{"name": "Entering 'Los Angeles' into (xpath, //input[@id='city']) (Attempt 1)", "status": "passed", "attachments": [{"name": "Log", "source": "3c1d25d6-2a2c-4fec-b4cf-599745e8b1b1-attachment.txt", "type": "text/plain"}], "start": 1765169642507, "stop": 1765169648329}], "start": 1765169642507, "stop": 1765169648330}, {"name": "Selected State", "status": "passed", "steps": [{"name": "Clicking element (xpath, //div[@data-testid='state']//div[@aria-label='Open']) (Attempt 1)", "status": "passed", "attachments": [{"name": "Log", "source": "8931ed0a-680b-451f-b40e-fb89b95c1032-attachment.txt", "type": "text/plain"}], "start": 1765169648330, "stop": 1765169649947}, {"name": "Select dropdown value: California", "status": "passed", "steps": [{"name": "Clicking element (xpath, //li[@role='option']//span[contains(normalize-space(text()), 'California')]) (Attempt 1)", "status": "passed", "attachments": [{"name": "Log", "source": "6e0b6791-1c69-4258-ae17-252162efdcb9-attachment.txt", "type": "text/plain"}], "start": 1765169650336, "stop": 1765169651289}], "start": 1765169649947, "stop": 1765169651289}], "start": 1765169648330, "stop": 1765169651289}, {"name": "Entered Zipcode", "status": "passed", "steps": [{"name": "Entering '90026' into (xpath, //input[@id='zip-code']) (Attempt 1)", "status": "passed", "attachments": [{"name": "Log", "source": "9e761e4b-f33c-4b11-b420-1bad7027762c-attachment.txt", "type": "text/plain"}], "start": 1765169651290, "stop": 1765169652502}], "start": 1765169651290, "stop": 1765169652502}, {"name": "Entered Mobile Number", "status": "passed", "steps": [{"name": "Entering '9898989898' into (xpath, //input[@id='phoneNumberSmall']) (Attempt 1)", "status": "passed", "attachments": [{"name": "Log", "source": "40173940-9dfb-447b-a7f0-bc37412331bf-attachment.txt", "type": "text/plain"}], "start": 1765169652503, "stop": 1765169654445}], "start": 1765169652503, "stop": 1765169654445}, {"name": "Clicked Save Shipping button", "status": "passed", "steps": [{"name": "Clicking element (xpath, //button[@data-testid='save-button']) (Attempt 1)", "status": "passed", "attachments": [{"name": "Log", "source": "336f8b6f-e7da-4120-a8ea-34012060bc89-attachment.txt", "type": "text/plain"}], "start": 1765169654446, "stop": 1765169659324}], "start": 1765169654446, "stop": 1765169659324}, {"name": "Clicked Save Shipping button", "status": "broken", "statusDetails": {"message": "selenium.common.exceptions.StaleElementReferenceException: Message: stale element reference: stale element not found in the current frame\n  (Session info: chrome=142.0.7444.176); For documentation on this error, please visit: https://www.selenium.dev/documentation/webdriver/troubleshooting/errors#staleelementreferenceexception\nStacktrace:\nSymbols not available. Dumping unresolved backtrace:\n\t0x7ff763c1a235\n\t0x7ff763972630\n\t0x7ff7637016dd\n\t0x7ff7637094c8\n\t0x7ff76370c52f\n\t0x7ff76370c5ef\n\t0x7ff7637623ab\n\t0x7ff76375fe4e\n\t0x7ff76375cd71\n\t0x7ff76375bc10\n\t0x7ff76374d3a8\n\t0x7ff763782b0a\n\t0x7ff76374cc36\n\t0x7ff7637ababa\n\t0x7ff76374b0ed\n\t0x7ff76374bf63\n\t0x7ff763c45d60\n\t0x7ff763c3fe8a\n\t0x7ff763c61005\n\t0x7ff76398d71e\n\t0x7ff763994e1f\n\t0x7ff76397b7c4\n\t0x7ff76397b97f\n\t0x7ff7639618e8\n\t0x7ff8bd9de8d7\n\t0x7ff8bee0c53c\n\n", "trace": "  File \"C:\\Users\\JaNi770\\OneDrive - HP Inc\\Documents\\GitHub\\Agentra_3.0\\pages\\web\\shippingpage.py\", line 73, in click_save_shipping\n    self.click(*AddShippingPageLocators.SAVE_BUTTON)\n    ~~~~~~~~~~^^^^^^^^^^^^^^^^^^^^^^^^^^^^^^^^^^^^^^\n  File \"C:\\Users\\JaNi770\\OneDrive - HP Inc\\Documents\\GitHub\\Agentra_3.0\\pages\\base_page.py\", line 143, in click\n    return self._safe_action(\n           ~~~~~~~~~~~~~~~~~^\n        action_name,\n        ^^^^^^^^^^^^\n    ...<2 lines>...\n        locator_value\n        ^^^^^^^^^^^^^\n    )\n    ^\n  File \"C:\\Users\\JaNi770\\OneDrive - HP Inc\\Documents\\GitHub\\Agentra_3.0\\pages\\base_page.py\", line 99, in _safe_action\n    return self._fail(\n           ~~~~~~~~~~^\n        action_name,\n        ^^^^^^^^^^^^\n        f\"Failed after {self.RETRIES} retries ({type(e).__name__})\",\n        ^^^^^^^^^^^^^^^^^^^^^^^^^^^^^^^^^^^^^^^^^^^^^^^^^^^^^^^^^^^^\n        e\n        ^\n    )\n    ^\n  File \"C:\\Users\\JaNi770\\OneDrive - HP Inc\\Documents\\GitHub\\Agentra_3.0\\pages\\base_page.py\", line 135, in _fail\n    raise exception_obj  # important: propagate failure to test\n    ^^^^^^^^^^^^^^^^^^^\n  File \"C:\\Users\\JaNi770\\OneDrive - HP Inc\\Documents\\GitHub\\Agentra_3.0\\pages\\base_page.py\", line 85, in _safe_action\n    return func(*args, **kwargs)   # SUCCESS → exit immediately\n  File \"C:\\Users\\JaNi770\\OneDrive - HP Inc\\Documents\\GitHub\\Agentra_3.0\\pages\\base_page.py\", line 152, in _click\n    self.driver.click(locator_type, locator_value)\n    ~~~~~~~~~~~~~~~~~^^^^^^^^^^^^^^^^^^^^^^^^^^^^^\n  File \"C:\\Users\\JaNi770\\OneDrive - HP Inc\\Documents\\GitHub\\Agentra_3.0\\core\\web_driver.py\", line 55, in click\n    self.find_element(locator_type, locator_value).click()\n    ~~~~~~~~~~~~~~~~~~~~~~~~~~~~~~~~~~~~~~~~~~~~~~~~~~~~^^\n  File \"C:\\Users\\JaNi770\\OneDrive - HP Inc\\Documents\\GitHub\\Agentra_3.0\\venv\\Lib\\site-packages\\selenium\\webdriver\\remote\\webelement.py\", line 119, in click\n    self._execute(Command.CLICK_ELEMENT)\n    ~~~~~~~~~~~~~^^^^^^^^^^^^^^^^^^^^^^^\n  File \"C:\\Users\\JaNi770\\OneDrive - HP Inc\\Documents\\GitHub\\Agentra_3.0\\venv\\Lib\\site-packages\\selenium\\webdriver\\remote\\webelement.py\", line 572, in _execute\n    return self._parent.execute(command, params)\n           ~~~~~~~~~~~~~~~~~~~~^^^^^^^^^^^^^^^^^\n  File \"C:\\Users\\JaNi770\\OneDrive - HP Inc\\Documents\\GitHub\\Agentra_3.0\\venv\\Lib\\site-packages\\selenium\\webdriver\\remote\\webdriver.py\", line 458, in execute\n    self.error_handler.check_response(response)\n    ~~~~~~~~~~~~~~~~~~~~~~~~~~~~~~~~~^^^^^^^^^^\n  File \"C:\\Users\\JaNi770\\OneDrive - HP Inc\\Documents\\GitHub\\Agentra_3.0\\venv\\Lib\\site-packages\\selenium\\webdriver\\remote\\errorhandler.py\", line 233, in check_response\n    raise exception_class(message, screen, stacktrace)\n"}, "steps": [{"name": "Clicking element (xpath, //button[@data-testid='save-button']) (Attempt 1)", "status": "broken", "statusDetails": {"message": "selenium.common.exceptions.ElementClickInterceptedException: Message: element click intercepted: Element <button aria-disabled=\"false\" type=\"submit\" data-analyticsid=\"SaveButton\" data-testid=\"save-button\" class=\"styles__CodeButton-@jarvis/react-shipping__sc-pqya1v-15 gVBdgG css-nyn3zr\">...</button> is not clickable at point (1308, 590). Other element would receive the click: <div class=\"vn-modal--dialog css-1wc6jix\" role=\"presentation\">...</div>\n  (Session info: chrome=142.0.7444.176); For documentation on this error, please visit: https://www.selenium.dev/documentation/webdriver/troubleshooting/errors#elementclickinterceptedexception\nStacktrace:\nSymbols not available. Dumping unresolved backtrace:\n\t0x7ff763c1a235\n\t0x7ff763972630\n\t0x7ff7637016dd\n\t0x7ff7637624c9\n\t0x7ff76375fe4e\n\t0x7ff76375cd71\n\t0x7ff76375bc10\n\t0x7ff76374d3a8\n\t0x7ff763782b0a\n\t0x7ff76374cc36\n\t0x7ff7637ababa\n\t0x7ff76374b0ed\n\t0x7ff76374bf63\n\t0x7ff763c45d60\n\t0x7ff763c3fe8a\n\t0x7ff763c61005\n\t0x7ff76398d71e\n\t0x7ff763994e1f\n\t0x7ff76397b7c4\n\t0x7ff76397b97f\n\t0x7ff7639618e8\n\t0x7ff8bd9de8d7\n\t0x7ff8bee0c53c\n\n", "trace": "  File \"C:\\Users\\JaNi770\\OneDrive - HP Inc\\Documents\\GitHub\\Agentra_3.0\\pages\\base_page.py\", line 85, in _safe_action\n    return func(*args, **kwargs)   # SUCCESS → exit immediately\n  File \"C:\\Users\\JaNi770\\OneDrive - HP Inc\\Documents\\GitHub\\Agentra_3.0\\pages\\base_page.py\", line 152, in _click\n    self.driver.click(locator_type, locator_value)\n    ~~~~~~~~~~~~~~~~~^^^^^^^^^^^^^^^^^^^^^^^^^^^^^\n  File \"C:\\Users\\JaNi770\\OneDrive - HP Inc\\Documents\\GitHub\\Agentra_3.0\\core\\web_driver.py\", line 55, in click\n    self.find_element(locator_type, locator_value).click()\n    ~~~~~~~~~~~~~~~~~~~~~~~~~~~~~~~~~~~~~~~~~~~~~~~~~~~~^^\n  File \"C:\\Users\\JaNi770\\OneDrive - HP Inc\\Documents\\GitHub\\Agentra_3.0\\venv\\Lib\\site-packages\\selenium\\webdriver\\remote\\webelement.py\", line 119, in click\n    self._execute(Command.CLICK_ELEMENT)\n    ~~~~~~~~~~~~~^^^^^^^^^^^^^^^^^^^^^^^\n  File \"C:\\Users\\JaNi770\\OneDrive - HP Inc\\Documents\\GitHub\\Agentra_3.0\\venv\\Lib\\site-packages\\selenium\\webdriver\\remote\\webelement.py\", line 572, in _execute\n    return self._parent.execute(command, params)\n           ~~~~~~~~~~~~~~~~~~~~^^^^^^^^^^^^^^^^^\n  File \"C:\\Users\\JaNi770\\OneDrive - HP Inc\\Documents\\GitHub\\Agentra_3.0\\venv\\Lib\\site-packages\\selenium\\webdriver\\remote\\webdriver.py\", line 458, in execute\n    self.error_handler.check_response(response)\n    ~~~~~~~~~~~~~~~~~~~~~~~~~~~~~~~~~^^^^^^^^^^\n  File \"C:\\Users\\JaNi770\\OneDrive - HP Inc\\Documents\\GitHub\\Agentra_3.0\\venv\\Lib\\site-packages\\selenium\\webdriver\\remote\\errorhandler.py\", line 233, in check_response\n    raise exception_class(message, screen, stacktrace)\n"}, "attachments": [{"name": "Log", "source": "5c36a7b9-5c7b-4c1e-8c90-7a56afd56f57-attachment.txt", "type": "text/plain"}], "start": 1765169659335, "stop": 1765169668351}, {"name": "Clicking element (xpath, //button[@data-testid='save-button']) (Attempt 2)", "status": "broken", "statusDetails": {"message": "selenium.common.exceptions.ElementClickInterceptedException: Message: element click intercepted: Element <button aria-disabled=\"false\" type=\"submit\" data-analyticsid=\"SaveButton\" data-testid=\"save-button\" class=\"styles__CodeButton-@jarvis/react-shipping__sc-pqya1v-15 gVBdgG css-nyn3zr\">...</button> is not clickable at point (1308, 590). Other element would receive the click: <div class=\"vn-modal--dialog css-1wc6jix\" role=\"presentation\">...</div>\n  (Session info: chrome=142.0.7444.176); For documentation on this error, please visit: https://www.selenium.dev/documentation/webdriver/troubleshooting/errors#elementclickinterceptedexception\nStacktrace:\nSymbols not available. Dumping unresolved backtrace:\n\t0x7ff763c1a235\n\t0x7ff763972630\n\t0x7ff7637016dd\n\t0x7ff7637624c9\n\t0x7ff76375fe4e\n\t0x7ff76375cd71\n\t0x7ff76375bc10\n\t0x7ff76374d3a8\n\t0x7ff763782b0a\n\t0x7ff76374cc36\n\t0x7ff7637ababa\n\t0x7ff76374b0ed\n\t0x7ff76374bf63\n\t0x7ff763c45d60\n\t0x7ff763c3fe8a\n\t0x7ff763c61005\n\t0x7ff76398d71e\n\t0x7ff763994e1f\n\t0x7ff76397b7c4\n\t0x7ff76397b97f\n\t0x7ff7639618e8\n\t0x7ff8bd9de8d7\n\t0x7ff8bee0c53c\n\n", "trace": "  File \"C:\\Users\\JaNi770\\OneDrive - HP Inc\\Documents\\GitHub\\Agentra_3.0\\pages\\base_page.py\", line 85, in _safe_action\n    return func(*args, **kwargs)   # SUCCESS → exit immediately\n  File \"C:\\Users\\JaNi770\\OneDrive - HP Inc\\Documents\\GitHub\\Agentra_3.0\\pages\\base_page.py\", line 152, in _click\n    self.driver.click(locator_type, locator_value)\n    ~~~~~~~~~~~~~~~~~^^^^^^^^^^^^^^^^^^^^^^^^^^^^^\n  File \"C:\\Users\\JaNi770\\OneDrive - HP Inc\\Documents\\GitHub\\Agentra_3.0\\core\\web_driver.py\", line 55, in click\n    self.find_element(locator_type, locator_value).click()\n    ~~~~~~~~~~~~~~~~~~~~~~~~~~~~~~~~~~~~~~~~~~~~~~~~~~~~^^\n  File \"C:\\Users\\JaNi770\\OneDrive - HP Inc\\Documents\\GitHub\\Agentra_3.0\\venv\\Lib\\site-packages\\selenium\\webdriver\\remote\\webelement.py\", line 119, in click\n    self._execute(Command.CLICK_ELEMENT)\n    ~~~~~~~~~~~~~^^^^^^^^^^^^^^^^^^^^^^^\n  File \"C:\\Users\\JaNi770\\OneDrive - HP Inc\\Documents\\GitHub\\Agentra_3.0\\venv\\Lib\\site-packages\\selenium\\webdriver\\remote\\webelement.py\", line 572, in _execute\n    return self._parent.execute(command, params)\n           ~~~~~~~~~~~~~~~~~~~~^^^^^^^^^^^^^^^^^\n  File \"C:\\Users\\JaNi770\\OneDrive - HP Inc\\Documents\\GitHub\\Agentra_3.0\\venv\\Lib\\site-packages\\selenium\\webdriver\\remote\\webdriver.py\", line 458, in execute\n    self.error_handler.check_response(response)\n    ~~~~~~~~~~~~~~~~~~~~~~~~~~~~~~~~~^^^^^^^^^^\n  File \"C:\\Users\\JaNi770\\OneDrive - HP Inc\\Documents\\GitHub\\Agentra_3.0\\venv\\Lib\\site-packages\\selenium\\webdriver\\remote\\errorhandler.py\", line 233, in check_response\n    raise exception_class(message, screen, stacktrace)\n"}, "attachments": [{"name": "Log", "source": "7d93111f-c3ba-4c54-a998-3b4048bfa87f-attachment.txt", "type": "text/plain"}], "start": 1765169668776, "stop": 1765169670487}, {"name": "Clicking element (xpath, //button[@data-testid='save-button']) (Attempt 3)", "status": "broken", "statusDetails": {"message": "selenium.common.exceptions.StaleElementReferenceException: Message: stale element reference: stale element not found in the current frame\n  (Session info: chrome=142.0.7444.176); For documentation on this error, please visit: https://www.selenium.dev/documentation/webdriver/troubleshooting/errors#staleelementreferenceexception\nStacktrace:\nSymbols not available. Dumping unresolved backtrace:\n\t0x7ff763c1a235\n\t0x7ff763972630\n\t0x7ff7637016dd\n\t0x7ff7637094c8\n\t0x7ff76370c52f\n\t0x7ff76370c5ef\n\t0x7ff7637623ab\n\t0x7ff76375fe4e\n\t0x7ff76375cd71\n\t0x7ff76375bc10\n\t0x7ff76374d3a8\n\t0x7ff763782b0a\n\t0x7ff76374cc36\n\t0x7ff7637ababa\n\t0x7ff76374b0ed\n\t0x7ff76374bf63\n\t0x7ff763c45d60\n\t0x7ff763c3fe8a\n\t0x7ff763c61005\n\t0x7ff76398d71e\n\t0x7ff763994e1f\n\t0x7ff76397b7c4\n\t0x7ff76397b97f\n\t0x7ff7639618e8\n\t0x7ff8bd9de8d7\n\t0x7ff8bee0c53c\n\n", "trace": "  File \"C:\\Users\\JaNi770\\OneDrive - HP Inc\\Documents\\GitHub\\Agentra_3.0\\pages\\base_page.py\", line 85, in _safe_action\n    return func(*args, **kwargs)   # SUCCESS → exit immediately\n  File \"C:\\Users\\JaNi770\\OneDrive - HP Inc\\Documents\\GitHub\\Agentra_3.0\\pages\\base_page.py\", line 152, in _click\n    self.driver.click(locator_type, locator_value)\n    ~~~~~~~~~~~~~~~~~^^^^^^^^^^^^^^^^^^^^^^^^^^^^^\n  File \"C:\\Users\\JaNi770\\OneDrive - HP Inc\\Documents\\GitHub\\Agentra_3.0\\core\\web_driver.py\", line 55, in click\n    self.find_element(locator_type, locator_value).click()\n    ~~~~~~~~~~~~~~~~~~~~~~~~~~~~~~~~~~~~~~~~~~~~~~~~~~~~^^\n  File \"C:\\Users\\JaNi770\\OneDrive - HP Inc\\Documents\\GitHub\\Agentra_3.0\\venv\\Lib\\site-packages\\selenium\\webdriver\\remote\\webelement.py\", line 119, in click\n    self._execute(Command.CLICK_ELEMENT)\n    ~~~~~~~~~~~~~^^^^^^^^^^^^^^^^^^^^^^^\n  File \"C:\\Users\\JaNi770\\OneDrive - HP Inc\\Documents\\GitHub\\Agentra_3.0\\venv\\Lib\\site-packages\\selenium\\webdriver\\remote\\webelement.py\", line 572, in _execute\n    return self._parent.execute(command, params)\n           ~~~~~~~~~~~~~~~~~~~~^^^^^^^^^^^^^^^^^\n  File \"C:\\Users\\JaNi770\\OneDrive - HP Inc\\Documents\\GitHub\\Agentra_3.0\\venv\\Lib\\site-packages\\selenium\\webdriver\\remote\\webdriver.py\", line 458, in execute\n    self.error_handler.check_response(response)\n    ~~~~~~~~~~~~~~~~~~~~~~~~~~~~~~~~~^^^^^^^^^^\n  File \"C:\\Users\\JaNi770\\OneDrive - HP Inc\\Documents\\GitHub\\Agentra_3.0\\venv\\Lib\\site-packages\\selenium\\webdriver\\remote\\errorhandler.py\", line 233, in check_response\n    raise exception_class(message, screen, stacktrace)\n"}, "attachments": [{"name": "Log", "source": "8ebc2c80-4b16-4f4f-9aaf-9697ea69c8cd-attachment.txt", "type": "text/plain"}], "start": 1765169670791, "stop": 1765169671220}], "attachments": [{"name": "Failure Screenshot", "source": "5a431edb-82ce-45c0-b8ae-2957cebd9503-attachment.png", "type": "image/png"}, {"name": "Error Trace", "source": "bd4472b6-7bd8-4709-892a-d409cb51d10e-attachment.txt", "type": "text/plain"}], "start": 1765169659335, "stop": 1765169671586}], "attachments": [{"name": "stdout", "source": "42092ee1-96d7-4493-87a6-8bb8c80a9be5-attachment.txt", "type": "text/plain"}, {"name": "stderr", "source": "ab029690-1c81-4238-ab75-b6607f5557f5-attachment.txt", "type": "text/plain"}], "start": 1765169424603, "stop": 1765169671611, "uuid": "316c4000-3bbc-4691-9f68-1143b6f96bde", "historyId": "239dfca3a2853b1d69350281505d4890", "testCaseId": "239dfca3a2853b1d69350281505d4890", "fullName": "tests.test_23_multiple_codes_ui_special_offer_enroll_oobe#test_23_multiple_codes_ui_special_offer_enroll_oobe", "labels": [{"name": "parentSuite", "value": "tests"}, {"name": "suite", "value": "test_23_multiple_codes_ui_special_offer_enroll_oobe"}, {"name": "host", "value": "CPC-nitis-XOS2Y"}, {"name": "thread", "value": "26400-MainThread"}, {"name": "framework", "value": "pytest"}, {"name": "language", "value": "cpython3"}, {"name": "package", "value": "tests.test_23_multiple_codes_ui_special_offer_enroll_oobe"}], "titlePath": ["tests", "test_23_multiple_codes_ui_special_offer_enroll_oobe.py"]}