{"name": "test_01_validate_promo", "status": "broken", "statusDetails": {"message": "selenium.common.exceptions.TimeoutException: Message: \nStacktrace:\nSymbols not available. Dumping unresolved backtrace:\n\t0x7ff7d67ea235\n\t0x7ff7d6542630\n\t0x7ff7d62d16dd\n\t0x7ff7d632a27e\n\t0x7ff7d632a58c\n\t0x7ff7d637ed77\n\t0x7ff7d637baba\n\t0x7ff7d631b0ed\n\t0x7ff7d631bf63\n\t0x7ff7d6815d60\n\t0x7ff7d680fe8a\n\t0x7ff7d6831005\n\t0x7ff7d655d71e\n\t0x7ff7d6564e1f\n\t0x7ff7d654b7c4\n\t0x7ff7d654b97f\n\t0x7ff7d65318e8\n\t0x7ffea8ede8d7\n\t0x7ffea926c53c", "trace": "hpApp = <apps.hp_web_app.HPAppWeb object at 0x000001737C081E80>\n\n    @allure.description(\"\"\"\n    This test validates the Sign up functionality on the web platform using valid user credentials.\n    It ensures that:\n    1. InstantInk landing page URL is launched successfully.\n    2. Navigating to create account\n    3. Entering user credentials correctly\n    4. Creating account\n    \"\"\")\n    # @pytest.mark.parametrize('user,pwd', [('student','Password123')])\n    def test_01_validate_promo(hpApp):\n    \n        logger.info(f\"Starting test_01_validate_promo\")\n        hpApp.launch_web()\n>       hpApp.create_account()\n\ntests\\test_01_validate_promo.py:22: \n_ _ _ _ _ _ _ _ _ _ _ _ _ _ _ _ _ _ _ _ _ _ _ _ _ _ _ _ _ _ _ _ _ _ _ _ _ _ _ _\napps\\hp_web_app.py:36: in create_account\n    self.create_account_page.enter_first_name()\npages\\web\\createaccount_page.py:33: in enter_first_name\n    self.enter_text(*CreateAccountPageLocators.FIRST_NAME_INPUT, first_name)\npages\\base_page.py:155: in enter_text\n    return self._safe_action(\npages\\base_page.py:97: in _safe_action\n    return self._fail(\npages\\base_page.py:133: in _fail\n    raise exception_obj  # important: propagate failure to test\n    ^^^^^^^^^^^^^^^^^^^\npages\\base_page.py:83: in _safe_action\n    return func(*args, **kwargs)   # SUCCESS → exit immediately\n           ^^^^^^^^^^^^^^^^^^^^^\npages\\base_page.py:164: in _enter_text\n    self.driver.wait_for_element(locator_type, locator_value)\ncore\\web_driver.py:63: in wait_for_element\n    WebDriverWait(self.driver, timeout).until(\n_ _ _ _ _ _ _ _ _ _ _ _ _ _ _ _ _ _ _ _ _ _ _ _ _ _ _ _ _ _ _ _ _ _ _ _ _ _ _ _\n\nself = <selenium.webdriver.support.wait.WebDriverWait (session=\"2cd06bc7a9a6e1f3e60d5bf2e59c1cf7\")>\nmethod = <function presence_of_element_located.<locals>._predicate at 0x000001737C1049A0>\nmessage = ''\n\n    def until(self, method: Callable[[D], Union[Literal[False], T]], message: str = \"\") -> T:\n        \"\"\"Wait until the method returns a value that is not False.\n    \n        Calls the method provided with the driver as an argument until the\n        return value does not evaluate to ``False``.\n    \n        Parameters:\n        -----------\n        method: callable(WebDriver)\n            - A callable object that takes a WebDriver instance as an argument.\n    \n        message: str\n            - Optional message for :exc:`TimeoutException`\n    \n        Return:\n        -------\n        object: T\n            - The result of the last call to `method`\n    \n        Raises:\n        -------\n        TimeoutException\n            - If 'method' does not return a truthy value within the WebDriverWait\n            object's timeout\n    \n        Example:\n        --------\n        >>> from selenium.webdriver.common.by import By\n        >>> from selenium.webdriver.support.ui import WebDriverWait\n        >>> from selenium.webdriver.support import expected_conditions as EC\n    \n        # Wait until an element is visible on the page\n        >>> wait = WebDriverWait(driver, 10)\n        >>> element = wait.until(EC.visibility_of_element_located((By.ID, \"exampleId\")))\n        >>> print(element.text)\n        \"\"\"\n        screen = None\n        stacktrace = None\n    \n        end_time = time.monotonic() + self._timeout\n        while True:\n            try:\n                value = method(self._driver)\n                if value:\n                    return value\n            except self._ignored_exceptions as exc:\n                screen = getattr(exc, \"screen\", None)\n                stacktrace = getattr(exc, \"stacktrace\", None)\n            if time.monotonic() > end_time:\n                break\n            time.sleep(self._poll)\n>       raise TimeoutException(message, screen, stacktrace)\nE       selenium.common.exceptions.TimeoutException: Message: \nE       Stacktrace:\nE       Symbols not available. Dumping unresolved backtrace:\nE       \t0x7ff7d67ea235\nE       \t0x7ff7d6542630\nE       \t0x7ff7d62d16dd\nE       \t0x7ff7d632a27e\nE       \t0x7ff7d632a58c\nE       \t0x7ff7d637ed77\nE       \t0x7ff7d637baba\nE       \t0x7ff7d631b0ed\nE       \t0x7ff7d631bf63\nE       \t0x7ff7d6815d60\nE       \t0x7ff7d680fe8a\nE       \t0x7ff7d6831005\nE       \t0x7ff7d655d71e\nE       \t0x7ff7d6564e1f\nE       \t0x7ff7d654b7c4\nE       \t0x7ff7d654b97f\nE       \t0x7ff7d65318e8\nE       \t0x7ffea8ede8d7\nE       \t0x7ffea926c53c\n\nvenv\\Lib\\site-packages\\selenium\\webdriver\\support\\wait.py:138: TimeoutException"}, "description": "\nThis test validates the Sign up functionality on the web platform using valid user credentials.\nIt ensures that:\n1. InstantInk landing page URL is launched successfully.\n2. Navigating to create account\n3. Entering user credentials correctly\n4. Creating account\n", "steps": [{"name": "Launch HP Portal", "status": "passed", "start": 1763701579063, "stop": 1763701598220}, {"name": "Clicked I Accept ", "status": "passed", "steps": [{"name": "Clicking element (xpath, //button[@id='onetrust-accept-btn-handler']) (Attempt 1)", "status": "passed", "attachments": [{"name": "Log", "source": "238e3fe2-c53e-415a-b9f6-04ee4f3980a2-attachment.txt", "type": "text/plain"}], "start": 1763701598221, "stop": 1763701601673}], "start": 1763701598220, "stop": 1763701601673}, {"name": "Clicked Sign up now", "status": "passed", "steps": [{"name": "Clicking element (xpath, //button[@data-testid='header-sign-up-button']) (Attempt 1)", "status": "passed", "attachments": [{"name": "Log", "source": "b0a14a93-93f4-4d1b-9443-ccafc0ed79e8-attachment.txt", "type": "text/plain"}], "start": 1763701601674, "stop": 1763701610997}], "start": 1763701601674, "stop": 1763701610997}, {"name": "Clicked Create Account", "status": "passed", "steps": [{"name": "Clicking element (xpath, //button[@data-testid='create-account-button']) (Attempt 1)", "status": "passed", "attachments": [{"name": "Log", "source": "517d4ac7-b9ac-4547-8800-1840dce33c46-attachment.txt", "type": "text/plain"}], "start": 1763701610999, "stop": 1763701616189}], "start": 1763701610999, "stop": 1763701616189}, {"name": "Entered First Name", "status": "broken", "statusDetails": {"message": "selenium.common.exceptions.TimeoutException: Message: \nStacktrace:\nSymbols not available. Dumping unresolved backtrace:\n\t0x7ff7d67ea235\n\t0x7ff7d6542630\n\t0x7ff7d62d16dd\n\t0x7ff7d632a27e\n\t0x7ff7d632a58c\n\t0x7ff7d637ed77\n\t0x7ff7d637baba\n\t0x7ff7d631b0ed\n\t0x7ff7d631bf63\n\t0x7ff7d6815d60\n\t0x7ff7d680fe8a\n\t0x7ff7d6831005\n\t0x7ff7d655d71e\n\t0x7ff7d6564e1f\n\t0x7ff7d654b7c4\n\t0x7ff7d654b97f\n\t0x7ff7d65318e8\n\t0x7ffea8ede8d7\n\t0x7ffea926c53c\n\n", "trace": "  File \"C:\\Users\\JaNi770\\OneDrive - HP Inc\\Documents\\GitHub\\Agentra_3.0\\pages\\web\\createaccount_page.py\", line 33, in enter_first_name\n    self.enter_text(*CreateAccountPageLocators.FIRST_NAME_INPUT, first_name)\n    ~~~~~~~~~~~~~~~^^^^^^^^^^^^^^^^^^^^^^^^^^^^^^^^^^^^^^^^^^^^^^^^^^^^^^^^^\n  File \"C:\\Users\\JaNi770\\OneDrive - HP Inc\\Documents\\GitHub\\Agentra_3.0\\pages\\base_page.py\", line 155, in enter_text\n    return self._safe_action(\n           ~~~~~~~~~~~~~~~~~^\n        action_name,\n        ^^^^^^^^^^^^\n    ...<3 lines>...\n        text\n        ^^^^\n    )\n    ^\n  File \"C:\\Users\\JaNi770\\OneDrive - HP Inc\\Documents\\GitHub\\Agentra_3.0\\pages\\base_page.py\", line 97, in _safe_action\n    return self._fail(\n           ~~~~~~~~~~^\n        action_name,\n        ^^^^^^^^^^^^\n        f\"Failed after {self.RETRIES} retries ({type(e).__name__})\",\n        ^^^^^^^^^^^^^^^^^^^^^^^^^^^^^^^^^^^^^^^^^^^^^^^^^^^^^^^^^^^^\n        e\n        ^\n    )\n    ^\n  File \"C:\\Users\\JaNi770\\OneDrive - HP Inc\\Documents\\GitHub\\Agentra_3.0\\pages\\base_page.py\", line 133, in _fail\n    raise exception_obj  # important: propagate failure to test\n    ^^^^^^^^^^^^^^^^^^^\n  File \"C:\\Users\\JaNi770\\OneDrive - HP Inc\\Documents\\GitHub\\Agentra_3.0\\pages\\base_page.py\", line 83, in _safe_action\n    return func(*args, **kwargs)   # SUCCESS → exit immediately\n  File \"C:\\Users\\JaNi770\\OneDrive - HP Inc\\Documents\\GitHub\\Agentra_3.0\\pages\\base_page.py\", line 164, in _enter_text\n    self.driver.wait_for_element(locator_type, locator_value)\n    ~~~~~~~~~~~~~~~~~~~~~~~~~~~~^^^^^^^^^^^^^^^^^^^^^^^^^^^^^\n  File \"C:\\Users\\JaNi770\\OneDrive - HP Inc\\Documents\\GitHub\\Agentra_3.0\\core\\web_driver.py\", line 63, in wait_for_element\n    WebDriverWait(self.driver, timeout).until(\n    ~~~~~~~~~~~~~~~~~~~~~~~~~~~~~~~~~~~~~~~~~^\n        EC.presence_of_element_located((getattr(By, locator_type.upper()), locator_value))\n        ^^^^^^^^^^^^^^^^^^^^^^^^^^^^^^^^^^^^^^^^^^^^^^^^^^^^^^^^^^^^^^^^^^^^^^^^^^^^^^^^^^\n    )\n    ^\n  File \"C:\\Users\\JaNi770\\OneDrive - HP Inc\\Documents\\GitHub\\Agentra_3.0\\venv\\Lib\\site-packages\\selenium\\webdriver\\support\\wait.py\", line 138, in until\n    raise TimeoutException(message, screen, stacktrace)\n"}, "steps": [{"name": "Entering 'John' into (xpath, //input[@id='firstName']) (Attempt 1)", "status": "broken", "statusDetails": {"message": "selenium.common.exceptions.TimeoutException: Message: \nStacktrace:\nSymbols not available. Dumping unresolved backtrace:\n\t0x7ff7d67ea235\n\t0x7ff7d6542630\n\t0x7ff7d62d16dd\n\t0x7ff7d632a27e\n\t0x7ff7d632a58c\n\t0x7ff7d637ed77\n\t0x7ff7d637baba\n\t0x7ff7d631b0ed\n\t0x7ff7d631bf63\n\t0x7ff7d6815d60\n\t0x7ff7d680fe8a\n\t0x7ff7d6831005\n\t0x7ff7d655d71e\n\t0x7ff7d6564e1f\n\t0x7ff7d654b7c4\n\t0x7ff7d654b97f\n\t0x7ff7d65318e8\n\t0x7ffea8ede8d7\n\t0x7ffea926c53c\n\n", "trace": "  File \"C:\\Users\\JaNi770\\OneDrive - HP Inc\\Documents\\GitHub\\Agentra_3.0\\pages\\base_page.py\", line 83, in _safe_action\n    return func(*args, **kwargs)   # SUCCESS → exit immediately\n  File \"C:\\Users\\JaNi770\\OneDrive - HP Inc\\Documents\\GitHub\\Agentra_3.0\\pages\\base_page.py\", line 164, in _enter_text\n    self.driver.wait_for_element(locator_type, locator_value)\n    ~~~~~~~~~~~~~~~~~~~~~~~~~~~~^^^^^^^^^^^^^^^^^^^^^^^^^^^^^\n  File \"C:\\Users\\JaNi770\\OneDrive - HP Inc\\Documents\\GitHub\\Agentra_3.0\\core\\web_driver.py\", line 63, in wait_for_element\n    WebDriverWait(self.driver, timeout).until(\n    ~~~~~~~~~~~~~~~~~~~~~~~~~~~~~~~~~~~~~~~~~^\n        EC.presence_of_element_located((getattr(By, locator_type.upper()), locator_value))\n        ^^^^^^^^^^^^^^^^^^^^^^^^^^^^^^^^^^^^^^^^^^^^^^^^^^^^^^^^^^^^^^^^^^^^^^^^^^^^^^^^^^\n    )\n    ^\n  File \"C:\\Users\\JaNi770\\OneDrive - HP Inc\\Documents\\GitHub\\Agentra_3.0\\venv\\Lib\\site-packages\\selenium\\webdriver\\support\\wait.py\", line 138, in until\n    raise TimeoutException(message, screen, stacktrace)\n"}, "attachments": [{"name": "Log", "source": "f0c93cc2-6fad-4e4a-babb-e6a6ed12699f-attachment.txt", "type": "text/plain"}], "start": 1763701616190, "stop": 1763701640892}, {"name": "Entering 'John' into (xpath, //input[@id='firstName']) (Attempt 2)", "status": "broken", "statusDetails": {"message": "selenium.common.exceptions.TimeoutException: Message: \nStacktrace:\nSymbols not available. Dumping unresolved backtrace:\n\t0x7ff7d67ea235\n\t0x7ff7d6542630\n\t0x7ff7d62d16dd\n\t0x7ff7d632a27e\n\t0x7ff7d632a58c\n\t0x7ff7d637ed77\n\t0x7ff7d637baba\n\t0x7ff7d631b0ed\n\t0x7ff7d631bf63\n\t0x7ff7d6815d60\n\t0x7ff7d680fe8a\n\t0x7ff7d6831005\n\t0x7ff7d655d71e\n\t0x7ff7d6564e1f\n\t0x7ff7d654b7c4\n\t0x7ff7d654b97f\n\t0x7ff7d65318e8\n\t0x7ffea8ede8d7\n\t0x7ffea926c53c\n\n", "trace": "  File \"C:\\Users\\JaNi770\\OneDrive - HP Inc\\Documents\\GitHub\\Agentra_3.0\\pages\\base_page.py\", line 83, in _safe_action\n    return func(*args, **kwargs)   # SUCCESS → exit immediately\n  File \"C:\\Users\\JaNi770\\OneDrive - HP Inc\\Documents\\GitHub\\Agentra_3.0\\pages\\base_page.py\", line 164, in _enter_text\n    self.driver.wait_for_element(locator_type, locator_value)\n    ~~~~~~~~~~~~~~~~~~~~~~~~~~~~^^^^^^^^^^^^^^^^^^^^^^^^^^^^^\n  File \"C:\\Users\\JaNi770\\OneDrive - HP Inc\\Documents\\GitHub\\Agentra_3.0\\core\\web_driver.py\", line 63, in wait_for_element\n    WebDriverWait(self.driver, timeout).until(\n    ~~~~~~~~~~~~~~~~~~~~~~~~~~~~~~~~~~~~~~~~~^\n        EC.presence_of_element_located((getattr(By, locator_type.upper()), locator_value))\n        ^^^^^^^^^^^^^^^^^^^^^^^^^^^^^^^^^^^^^^^^^^^^^^^^^^^^^^^^^^^^^^^^^^^^^^^^^^^^^^^^^^\n    )\n    ^\n  File \"C:\\Users\\JaNi770\\OneDrive - HP Inc\\Documents\\GitHub\\Agentra_3.0\\venv\\Lib\\site-packages\\selenium\\webdriver\\support\\wait.py\", line 138, in until\n    raise TimeoutException(message, screen, stacktrace)\n"}, "attachments": [{"name": "Log", "source": "bfc41202-a293-45ca-8538-6792a6cb191b-attachment.txt", "type": "text/plain"}], "start": 1763701641212, "stop": 1763701651730}, {"name": "Entering 'John' into (xpath, //input[@id='firstName']) (Attempt 3)", "status": "broken", "statusDetails": {"message": "selenium.common.exceptions.TimeoutException: Message: \nStacktrace:\nSymbols not available. Dumping unresolved backtrace:\n\t0x7ff7d67ea235\n\t0x7ff7d6542630\n\t0x7ff7d62d16dd\n\t0x7ff7d632a27e\n\t0x7ff7d632a58c\n\t0x7ff7d637ed77\n\t0x7ff7d637baba\n\t0x7ff7d631b0ed\n\t0x7ff7d631bf63\n\t0x7ff7d6815d60\n\t0x7ff7d680fe8a\n\t0x7ff7d6831005\n\t0x7ff7d655d71e\n\t0x7ff7d6564e1f\n\t0x7ff7d654b7c4\n\t0x7ff7d654b97f\n\t0x7ff7d65318e8\n\t0x7ffea8ede8d7\n\t0x7ffea926c53c\n\n", "trace": "  File \"C:\\Users\\JaNi770\\OneDrive - HP Inc\\Documents\\GitHub\\Agentra_3.0\\pages\\base_page.py\", line 83, in _safe_action\n    return func(*args, **kwargs)   # SUCCESS → exit immediately\n  File \"C:\\Users\\JaNi770\\OneDrive - HP Inc\\Documents\\GitHub\\Agentra_3.0\\pages\\base_page.py\", line 164, in _enter_text\n    self.driver.wait_for_element(locator_type, locator_value)\n    ~~~~~~~~~~~~~~~~~~~~~~~~~~~~^^^^^^^^^^^^^^^^^^^^^^^^^^^^^\n  File \"C:\\Users\\JaNi770\\OneDrive - HP Inc\\Documents\\GitHub\\Agentra_3.0\\core\\web_driver.py\", line 63, in wait_for_element\n    WebDriverWait(self.driver, timeout).until(\n    ~~~~~~~~~~~~~~~~~~~~~~~~~~~~~~~~~~~~~~~~~^\n        EC.presence_of_element_located((getattr(By, locator_type.upper()), locator_value))\n        ^^^^^^^^^^^^^^^^^^^^^^^^^^^^^^^^^^^^^^^^^^^^^^^^^^^^^^^^^^^^^^^^^^^^^^^^^^^^^^^^^^\n    )\n    ^\n  File \"C:\\Users\\JaNi770\\OneDrive - HP Inc\\Documents\\GitHub\\Agentra_3.0\\venv\\Lib\\site-packages\\selenium\\webdriver\\support\\wait.py\", line 138, in until\n    raise TimeoutException(message, screen, stacktrace)\n"}, "attachments": [{"name": "Log", "source": "3036a465-fd9b-43ac-801e-0bb3d509969c-attachment.txt", "type": "text/plain"}], "start": 1763701652033, "stop": 1763701662411}], "attachments": [{"name": "Failure Screenshot", "source": "3bf18d91-051b-4dfb-87d9-81fc5a6ea6ae-attachment.png", "type": "image/png"}, {"name": "Error Trace", "source": "2c940d92-f748-429f-b837-609384bb1ab0-attachment.txt", "type": "text/plain"}], "start": 1763701616190, "stop": 1763701662667}], "attachments": [{"name": "stderr", "source": "69fa6316-1821-43ec-94b6-bed52204c7f6-attachment.txt", "type": "text/plain"}], "start": 1763701579016, "stop": 1763701662688, "uuid": "60539eb4-2376-4a3f-8e60-c0a2a4207e8b", "historyId": "41d2fcf959cfc6058281aac6fb1fc04d", "testCaseId": "41d2fcf959cfc6058281aac6fb1fc04d", "fullName": "tests.test_01_validate_promo#test_01_validate_promo", "labels": [{"name": "parentSuite", "value": "tests"}, {"name": "suite", "value": "test_01_validate_promo"}, {"name": "host", "value": "CPC-nitis-XOS2Y"}, {"name": "thread", "value": "21024-MainThread"}, {"name": "framework", "value": "pytest"}, {"name": "language", "value": "cpython3"}, {"name": "package", "value": "tests.test_01_validate_promo"}], "titlePath": ["tests", "test_01_validate_promo.py"]}