Traceback (most recent call last):
  File "C:\Users\praveen.kittali\Working\Agentra_3.0\pages\base_page.py", line 83, in _safe_action
    return func(*args, **kwargs)   # SUCCESS â†’ exit immediately
  File "C:\Users\praveen.kittali\Working\Agentra_3.0\pages\base_page.py", line 149, in _click
    self.driver.wait_for_element(locator_type, locator_value)
    ~~~~~~~~~~~~~~~~~~~~~~~~~~~~^^^^^^^^^^^^^^^^^^^^^^^^^^^^^
  File "C:\Users\praveen.kittali\Working\Agentra_3.0\core\web_driver.py", line 63, in wait_for_element
    WebDriverWait(self.driver, timeout).until(
    ~~~~~~~~~~~~~~~~~~~~~~~~~~~~~~~~~~~~~~~~~^
        EC.presence_of_element_located((getattr(By, locator_type.upper()), locator_value))
        ^^^^^^^^^^^^^^^^^^^^^^^^^^^^^^^^^^^^^^^^^^^^^^^^^^^^^^^^^^^^^^^^^^^^^^^^^^^^^^^^^^
    )
    ^
  File "C:\Users\praveen.kittali\Working\Agentra_3.0\.venv\Lib\site-packages\selenium\webdriver\support\wait.py", line 138, in until
    raise TimeoutException(message, screen, stacktrace)
selenium.common.exceptions.TimeoutException: Message: 
Stacktrace:
Symbols not available. Dumping unresolved backtrace:
	0x7ff78794a235
	0x7ff7876a2630
	0x7ff7874316dd
	0x7ff78748a27e
	0x7ff78748a58c
	0x7ff7874ded77
	0x7ff7874dbaba
	0x7ff78747b0ed
	0x7ff78747bf63
	0x7ff787975d60
	0x7ff78796fe8a
	0x7ff787991005
	0x7ff7876bd71e
	0x7ff7876c4e1f
	0x7ff7876ab7c4
	0x7ff7876ab97f
	0x7ff7876918e8
	0x7ff9c6afe8d7
	0x7ff9c7ccc53c

