{"name": "test_login_web[student-Password123]", "status": "broken", "statusDetails": {"message": "selenium.common.exceptions.TimeoutException: Message: \nStacktrace:\nSymbols not available. Dumping unresolved backtrace:\n\t0x7ff78794a235\n\t0x7ff7876a2630\n\t0x7ff7874316dd\n\t0x7ff78748a27e\n\t0x7ff78748a58c\n\t0x7ff7874ded77\n\t0x7ff7874dbaba\n\t0x7ff78747b0ed\n\t0x7ff78747bf63\n\t0x7ff787975d60\n\t0x7ff78796fe8a\n\t0x7ff787991005\n\t0x7ff7876bd71e\n\t0x7ff7876c4e1f\n\t0x7ff7876ab7c4\n\t0x7ff7876ab97f\n\t0x7ff7876918e8\n\t0x7ff9c6afe8d7\n\t0x7ff9c7ccc53c", "trace": "hpApp = <apps.hp_web_app.HPAppWeb object at 0x0000020C3BB04EC0>\nuser = 'student', pwd = 'Password123'\n\n    @pytest.mark.flaky(reruns=2, reruns_delay=5)\n    @pytest.mark.parametrize('user,pwd', [('student','Password123')])\n    def test_login_web(hpApp, user, pwd):\n    \n        \"\"\"\n        <Short Test Title>\n        <1–2 line summary of what this test validates.>\n    \n        Description:\n            <High-level description of the business flow under test.>\n            <Explain why this test exists and what user scenario it simulates.>\n    \n        Test Type:\n            <Functional / Regression / Integration / E2E / Smoke / Sanity>\n    \n        Preconditions:\n            - <List all required pre-state conditions>\n            - <User account, device state, environment, network, etc.>\n            - <If none, write: None>\n    \n        Platforms:\n            - Supported: Web / Mobile / Desktop\n            - Driven by CLI flag: --platform\n    \n        Steps:\n            1. <Step 1 description>\n            2. <Step 2 description>\n            3. <Step 3 description>\n            ...\n            N. <Final step>\n    \n        Expected Result:\n            <The exact outcome that must occur for the test to pass>\n            <May include UI behavior, API response, state updates, etc.>\n    \n        Parameters:\n            driver (BaseDriver):\n                Platform-agnostic driver instance injected by pytest.\n            test_data (dict or tuple):\n                Data-driven inputs supplied by JSON/Excel or @pytest.mark.parametrize.\n    \n        Tags:\n            pytest.mark.<suite>\n            pytest.mark.<business_module>\n            pytest.mark.<platform>\n            pytest.mark.dependency()\n    \n        Notes:\n            - This test uses the Agentra abstraction layer, so page objects\n              automatically adjust based on selected platform.\n            - Avoid platform-specific conditions inside the test; those belong\n              in Page Objects.\n    \n        \"\"\"\n    \n        logger.info(f\"Starting test_login_web with user={user}\")\n>       hpApp.login(user, pwd)\n\ntests\\test_login.py:64: \n_ _ _ _ _ _ _ _ _ _ _ _ _ _ _ _ _ _ _ _ _ _ _ _ _ _ _ _ _ _ _ _ _ _ _ _ _ _ _ _\napps\\hp_web_app.py:15: in login\n    self.login_page.click_login()\npages\\web\\login_page.py:34: in click_login\n    self.click(*LoginPageLocators.LOGIN_BUTTON)\npages\\base_page.py:141: in click\n    return self._safe_action(\npages\\base_page.py:97: in _safe_action\n    return self._fail(\npages\\base_page.py:133: in _fail\n    raise exception_obj  # important: propagate failure to test\npages\\base_page.py:83: in _safe_action\n    return func(*args, **kwargs)   # SUCCESS → exit immediately\npages\\base_page.py:149: in _click\n    self.driver.wait_for_element(locator_type, locator_value)\ncore\\web_driver.py:63: in wait_for_element\n    WebDriverWait(self.driver, timeout).until(\n_ _ _ _ _ _ _ _ _ _ _ _ _ _ _ _ _ _ _ _ _ _ _ _ _ _ _ _ _ _ _ _ _ _ _ _ _ _ _ _\n\nself = <selenium.webdriver.support.wait.WebDriverWait (session=\"5e1a62521f93e4fa5b5ca7b682b87cc9\")>\nmethod = <function presence_of_element_located.<locals>._predicate at 0x0000020C3BB298A0>\nmessage = ''\n\n    def until(self, method: Callable[[D], Union[Literal[False], T]], message: str = \"\") -> T:\n        \"\"\"Wait until the method returns a value that is not False.\n    \n        Calls the method provided with the driver as an argument until the\n        return value does not evaluate to ``False``.\n    \n        Parameters:\n        -----------\n        method: callable(WebDriver)\n            - A callable object that takes a WebDriver instance as an argument.\n    \n        message: str\n            - Optional message for :exc:`TimeoutException`\n    \n        Return:\n        -------\n        object: T\n            - The result of the last call to `method`\n    \n        Raises:\n        -------\n        TimeoutException\n            - If 'method' does not return a truthy value within the WebDriverWait\n            object's timeout\n    \n        Example:\n        --------\n        >>> from selenium.webdriver.common.by import By\n        >>> from selenium.webdriver.support.ui import WebDriverWait\n        >>> from selenium.webdriver.support import expected_conditions as EC\n    \n        # Wait until an element is visible on the page\n        >>> wait = WebDriverWait(driver, 10)\n        >>> element = wait.until(EC.visibility_of_element_located((By.ID, \"exampleId\")))\n        >>> print(element.text)\n        \"\"\"\n        screen = None\n        stacktrace = None\n    \n        end_time = time.monotonic() + self._timeout\n        while True:\n            try:\n                value = method(self._driver)\n                if value:\n                    return value\n            except self._ignored_exceptions as exc:\n                screen = getattr(exc, \"screen\", None)\n                stacktrace = getattr(exc, \"stacktrace\", None)\n            if time.monotonic() > end_time:\n                break\n            time.sleep(self._poll)\n>       raise TimeoutException(message, screen, stacktrace)\nE       selenium.common.exceptions.TimeoutException: Message: \nE       Stacktrace:\nE       Symbols not available. Dumping unresolved backtrace:\nE       \t0x7ff78794a235\nE       \t0x7ff7876a2630\nE       \t0x7ff7874316dd\nE       \t0x7ff78748a27e\nE       \t0x7ff78748a58c\nE       \t0x7ff7874ded77\nE       \t0x7ff7874dbaba\nE       \t0x7ff78747b0ed\nE       \t0x7ff78747bf63\nE       \t0x7ff787975d60\nE       \t0x7ff78796fe8a\nE       \t0x7ff787991005\nE       \t0x7ff7876bd71e\nE       \t0x7ff7876c4e1f\nE       \t0x7ff7876ab7c4\nE       \t0x7ff7876ab97f\nE       \t0x7ff7876918e8\nE       \t0x7ff9c6afe8d7\nE       \t0x7ff9c7ccc53c\n\n.venv\\Lib\\site-packages\\selenium\\webdriver\\support\\wait.py:138: TimeoutException"}, "description": "\n<Short Test Title>\n<1–2 line summary of what this test validates.>\n\nDescription:\n    <High-level description of the business flow under test.>\n    <Explain why this test exists and what user scenario it simulates.>\n\nTest Type:\n    <Functional / Regression / Integration / E2E / Smoke / Sanity>\n\nPreconditions:\n    - <List all required pre-state conditions>\n    - <User account, device state, environment, network, etc.>\n    - <If none, write: None>\n\nPlatforms:\n    - Supported: Web / Mobile / Desktop\n    - Driven by CLI flag: --platform\n\nSteps:\n    1. <Step 1 description>\n    2. <Step 2 description>\n    3. <Step 3 description>\n    ...\n    N. <Final step>\n\nExpected Result:\n    <The exact outcome that must occur for the test to pass>\n    <May include UI behavior, API response, state updates, etc.>\n\nParameters:\n    driver (BaseDriver):\n        Platform-agnostic driver instance injected by pytest.\n    test_data (dict or tuple):\n        Data-driven inputs supplied by JSON/Excel or @pytest.mark.parametrize.\n\nTags:\n    pytest.mark.<suite>\n    pytest.mark.<business_module>\n    pytest.mark.<platform>\n    pytest.mark.dependency()\n\nNotes:\n    - This test uses the Agentra abstraction layer, so page objects\n      automatically adjust based on selected platform.\n    - Avoid platform-specific conditions inside the test; those belong\n      in Page Objects.\n\n", "steps": [{"name": "Launch HP Portal", "status": "passed", "start": 1763524215822, "stop": 1763524219609}, {"name": "Enter username", "status": "passed", "steps": [{"name": "Entering 'student' into (id, username) (Attempt 1)", "status": "passed", "attachments": [{"name": "Log", "source": "dc6cd223-eb84-43fb-8b0c-6c73d78c7419-attachment.txt", "type": "text/plain"}], "start": 1763524219610, "stop": 1763524219776}], "start": 1763524219610, "stop": 1763524219776}, {"name": "Enter password", "status": "passed", "steps": [{"name": "Entering 'Password123' into (id, password) (Attempt 1)", "status": "passed", "attachments": [{"name": "Log", "source": "5e441164-8d46-4fb7-96e8-a712ee750571-attachment.txt", "type": "text/plain"}], "start": 1763524219776, "stop": 1763524219956}], "start": 1763524219776, "stop": 1763524219956}, {"name": "Click Login button", "status": "broken", "statusDetails": {"message": "selenium.common.exceptions.TimeoutException: Message: \nStacktrace:\nSymbols not available. Dumping unresolved backtrace:\n\t0x7ff78794a235\n\t0x7ff7876a2630\n\t0x7ff7874316dd\n\t0x7ff78748a27e\n\t0x7ff78748a58c\n\t0x7ff7874ded77\n\t0x7ff7874dbaba\n\t0x7ff78747b0ed\n\t0x7ff78747bf63\n\t0x7ff787975d60\n\t0x7ff78796fe8a\n\t0x7ff787991005\n\t0x7ff7876bd71e\n\t0x7ff7876c4e1f\n\t0x7ff7876ab7c4\n\t0x7ff7876ab97f\n\t0x7ff7876918e8\n\t0x7ff9c6afe8d7\n\t0x7ff9c7ccc53c\n\n", "trace": "  File \"C:\\Users\\praveen.kittali\\Working\\Agentra_3.0\\pages\\web\\login_page.py\", line 34, in click_login\n    self.click(*LoginPageLocators.LOGIN_BUTTON)\n    ~~~~~~~~~~^^^^^^^^^^^^^^^^^^^^^^^^^^^^^^^^^\n  File \"C:\\Users\\praveen.kittali\\Working\\Agentra_3.0\\pages\\base_page.py\", line 141, in click\n    return self._safe_action(\n           ~~~~~~~~~~~~~~~~~^\n        action_name,\n        ^^^^^^^^^^^^\n    ...<2 lines>...\n        locator_value\n        ^^^^^^^^^^^^^\n    )\n    ^\n  File \"C:\\Users\\praveen.kittali\\Working\\Agentra_3.0\\pages\\base_page.py\", line 97, in _safe_action\n    return self._fail(\n           ~~~~~~~~~~^\n        action_name,\n        ^^^^^^^^^^^^\n        f\"Failed after {self.RETRIES} retries ({type(e).__name__})\",\n        ^^^^^^^^^^^^^^^^^^^^^^^^^^^^^^^^^^^^^^^^^^^^^^^^^^^^^^^^^^^^\n        e\n        ^\n    )\n    ^\n  File \"C:\\Users\\praveen.kittali\\Working\\Agentra_3.0\\pages\\base_page.py\", line 133, in _fail\n    raise exception_obj  # important: propagate failure to test\n    ^^^^^^^^^^^^^^^^^^^\n  File \"C:\\Users\\praveen.kittali\\Working\\Agentra_3.0\\pages\\base_page.py\", line 83, in _safe_action\n    return func(*args, **kwargs)   # SUCCESS → exit immediately\n  File \"C:\\Users\\praveen.kittali\\Working\\Agentra_3.0\\pages\\base_page.py\", line 149, in _click\n    self.driver.wait_for_element(locator_type, locator_value)\n    ~~~~~~~~~~~~~~~~~~~~~~~~~~~~^^^^^^^^^^^^^^^^^^^^^^^^^^^^^\n  File \"C:\\Users\\praveen.kittali\\Working\\Agentra_3.0\\core\\web_driver.py\", line 63, in wait_for_element\n    WebDriverWait(self.driver, timeout).until(\n    ~~~~~~~~~~~~~~~~~~~~~~~~~~~~~~~~~~~~~~~~~^\n        EC.presence_of_element_located((getattr(By, locator_type.upper()), locator_value))\n        ^^^^^^^^^^^^^^^^^^^^^^^^^^^^^^^^^^^^^^^^^^^^^^^^^^^^^^^^^^^^^^^^^^^^^^^^^^^^^^^^^^\n    )\n    ^\n  File \"C:\\Users\\praveen.kittali\\Working\\Agentra_3.0\\.venv\\Lib\\site-packages\\selenium\\webdriver\\support\\wait.py\", line 138, in until\n    raise TimeoutException(message, screen, stacktrace)\n"}, "steps": [{"name": "Clicking element (xpath, //button[@id='submit2']) (Attempt 1)", "status": "broken", "statusDetails": {"message": "selenium.common.exceptions.TimeoutException: Message: \nStacktrace:\nSymbols not available. Dumping unresolved backtrace:\n\t0x7ff78794a235\n\t0x7ff7876a2630\n\t0x7ff7874316dd\n\t0x7ff78748a27e\n\t0x7ff78748a58c\n\t0x7ff7874ded77\n\t0x7ff7874dbaba\n\t0x7ff78747b0ed\n\t0x7ff78747bf63\n\t0x7ff787975d60\n\t0x7ff78796fe8a\n\t0x7ff787991005\n\t0x7ff7876bd71e\n\t0x7ff7876c4e1f\n\t0x7ff7876ab7c4\n\t0x7ff7876ab97f\n\t0x7ff7876918e8\n\t0x7ff9c6afe8d7\n\t0x7ff9c7ccc53c\n\n", "trace": "  File \"C:\\Users\\praveen.kittali\\Working\\Agentra_3.0\\pages\\base_page.py\", line 83, in _safe_action\n    return func(*args, **kwargs)   # SUCCESS → exit immediately\n  File \"C:\\Users\\praveen.kittali\\Working\\Agentra_3.0\\pages\\base_page.py\", line 149, in _click\n    self.driver.wait_for_element(locator_type, locator_value)\n    ~~~~~~~~~~~~~~~~~~~~~~~~~~~~^^^^^^^^^^^^^^^^^^^^^^^^^^^^^\n  File \"C:\\Users\\praveen.kittali\\Working\\Agentra_3.0\\core\\web_driver.py\", line 63, in wait_for_element\n    WebDriverWait(self.driver, timeout).until(\n    ~~~~~~~~~~~~~~~~~~~~~~~~~~~~~~~~~~~~~~~~~^\n        EC.presence_of_element_located((getattr(By, locator_type.upper()), locator_value))\n        ^^^^^^^^^^^^^^^^^^^^^^^^^^^^^^^^^^^^^^^^^^^^^^^^^^^^^^^^^^^^^^^^^^^^^^^^^^^^^^^^^^\n    )\n    ^\n  File \"C:\\Users\\praveen.kittali\\Working\\Agentra_3.0\\.venv\\Lib\\site-packages\\selenium\\webdriver\\support\\wait.py\", line 138, in until\n    raise TimeoutException(message, screen, stacktrace)\n"}, "attachments": [{"name": "Log", "source": "da83fd4c-5808-4a65-a34f-f47946af1f6f-attachment.txt", "type": "text/plain"}], "start": 1763524219957, "stop": 1763524230172}, {"name": "Clicking element (xpath, //button[@id='submit2']) (Attempt 2)", "status": "broken", "statusDetails": {"message": "selenium.common.exceptions.TimeoutException: Message: \nStacktrace:\nSymbols not available. Dumping unresolved backtrace:\n\t0x7ff78794a235\n\t0x7ff7876a2630\n\t0x7ff7874316dd\n\t0x7ff78748a27e\n\t0x7ff78748a58c\n\t0x7ff7874ded77\n\t0x7ff7874dbaba\n\t0x7ff78747b0ed\n\t0x7ff78747bf63\n\t0x7ff787975d60\n\t0x7ff78796fe8a\n\t0x7ff787991005\n\t0x7ff7876bd71e\n\t0x7ff7876c4e1f\n\t0x7ff7876ab7c4\n\t0x7ff7876ab97f\n\t0x7ff7876918e8\n\t0x7ff9c6afe8d7\n\t0x7ff9c7ccc53c\n\n", "trace": "  File \"C:\\Users\\praveen.kittali\\Working\\Agentra_3.0\\pages\\base_page.py\", line 83, in _safe_action\n    return func(*args, **kwargs)   # SUCCESS → exit immediately\n  File \"C:\\Users\\praveen.kittali\\Working\\Agentra_3.0\\pages\\base_page.py\", line 149, in _click\n    self.driver.wait_for_element(locator_type, locator_value)\n    ~~~~~~~~~~~~~~~~~~~~~~~~~~~~^^^^^^^^^^^^^^^^^^^^^^^^^^^^^\n  File \"C:\\Users\\praveen.kittali\\Working\\Agentra_3.0\\core\\web_driver.py\", line 63, in wait_for_element\n    WebDriverWait(self.driver, timeout).until(\n    ~~~~~~~~~~~~~~~~~~~~~~~~~~~~~~~~~~~~~~~~~^\n        EC.presence_of_element_located((getattr(By, locator_type.upper()), locator_value))\n        ^^^^^^^^^^^^^^^^^^^^^^^^^^^^^^^^^^^^^^^^^^^^^^^^^^^^^^^^^^^^^^^^^^^^^^^^^^^^^^^^^^\n    )\n    ^\n  File \"C:\\Users\\praveen.kittali\\Working\\Agentra_3.0\\.venv\\Lib\\site-packages\\selenium\\webdriver\\support\\wait.py\", line 138, in until\n    raise TimeoutException(message, screen, stacktrace)\n"}, "attachments": [{"name": "Log", "source": "9dc61fff-3218-4c61-8551-9e1c3bf25187-attachment.txt", "type": "text/plain"}], "start": 1763524230479, "stop": 1763524240670}, {"name": "Clicking element (xpath, //button[@id='submit2']) (Attempt 3)", "status": "broken", "statusDetails": {"message": "selenium.common.exceptions.TimeoutException: Message: \nStacktrace:\nSymbols not available. Dumping unresolved backtrace:\n\t0x7ff78794a235\n\t0x7ff7876a2630\n\t0x7ff7874316dd\n\t0x7ff78748a27e\n\t0x7ff78748a58c\n\t0x7ff7874ded77\n\t0x7ff7874dbaba\n\t0x7ff78747b0ed\n\t0x7ff78747bf63\n\t0x7ff787975d60\n\t0x7ff78796fe8a\n\t0x7ff787991005\n\t0x7ff7876bd71e\n\t0x7ff7876c4e1f\n\t0x7ff7876ab7c4\n\t0x7ff7876ab97f\n\t0x7ff7876918e8\n\t0x7ff9c6afe8d7\n\t0x7ff9c7ccc53c\n\n", "trace": "  File \"C:\\Users\\praveen.kittali\\Working\\Agentra_3.0\\pages\\base_page.py\", line 83, in _safe_action\n    return func(*args, **kwargs)   # SUCCESS → exit immediately\n  File \"C:\\Users\\praveen.kittali\\Working\\Agentra_3.0\\pages\\base_page.py\", line 149, in _click\n    self.driver.wait_for_element(locator_type, locator_value)\n    ~~~~~~~~~~~~~~~~~~~~~~~~~~~~^^^^^^^^^^^^^^^^^^^^^^^^^^^^^\n  File \"C:\\Users\\praveen.kittali\\Working\\Agentra_3.0\\core\\web_driver.py\", line 63, in wait_for_element\n    WebDriverWait(self.driver, timeout).until(\n    ~~~~~~~~~~~~~~~~~~~~~~~~~~~~~~~~~~~~~~~~~^\n        EC.presence_of_element_located((getattr(By, locator_type.upper()), locator_value))\n        ^^^^^^^^^^^^^^^^^^^^^^^^^^^^^^^^^^^^^^^^^^^^^^^^^^^^^^^^^^^^^^^^^^^^^^^^^^^^^^^^^^\n    )\n    ^\n  File \"C:\\Users\\praveen.kittali\\Working\\Agentra_3.0\\.venv\\Lib\\site-packages\\selenium\\webdriver\\support\\wait.py\", line 138, in until\n    raise TimeoutException(message, screen, stacktrace)\n"}, "attachments": [{"name": "Log", "source": "e39cd3b6-9593-46d2-8e2d-08b650396170-attachment.txt", "type": "text/plain"}], "start": 1763524240973, "stop": 1763524251263}], "attachments": [{"name": "Failure Screenshot", "source": "50112796-de81-4aae-a22d-502234e3de69-attachment.png", "type": "image/png"}, {"name": "Error Trace", "source": "a83ee646-065e-4de0-9f34-3e9b4e41cd8d-attachment.txt", "type": "text/plain"}], "start": 1763524219956, "stop": 1763524251488}], "attachments": [{"name": "stderr", "source": "76526bab-bce5-4313-b09f-f75cb9f92393-attachment.txt", "type": "text/plain"}], "parameters": [{"name": "user", "value": "'student'"}, {"name": "pwd", "value": "'Password123'"}], "start": 1763524215821, "stop": 1763524251493, "uuid": "0294c7a4-4967-4c5c-94d3-0a70118ff964", "historyId": "d778bf85356355bbaba798f70decf4ed", "testCaseId": "75a9dc8cbf2aec1e8a2055b155b68321", "fullName": "tests.test_login#test_login_web", "labels": [{"name": "parentSuite", "value": "tests"}, {"name": "suite", "value": "test_login"}, {"name": "host", "value": "ASCINLAP63114"}, {"name": "thread", "value": "18468-MainThread"}, {"name": "framework", "value": "pytest"}, {"name": "language", "value": "cpython3"}, {"name": "package", "value": "tests.test_login"}], "titlePath": ["tests", "test_login.py"]}